\BOOKMARK [0][-]{chapter*.2}{\376\377\000P\000r\000e\000f\000a\000z\000i\000o\000n\000e}{}% 1
\BOOKMARK [0][-]{chapter.1}{\376\377\000I\000n\000t\000r\000o\000d\000u\000z\000i\000o\000n\000e\000\040\000a\000l\000l\000a\000\040\000M\000e\000c\000c\000a\000n\000i\000c\000a\000\040\000d\000e\000l\000l\000e\000\040\000S\000t\000r\000u\000t\000t\000u\000r\000e}{}% 2
\BOOKMARK [1][-]{section.1.1}{\376\377\000O\000r\000i\000g\000i\000n\000e\000\040\000e\000\040\000c\000o\000l\000l\000o\000c\000a\000z\000i\000o\000n\000e\000\040\000d\000i\000s\000c\000i\000p\000l\000i\000n\000a\000r\000e}{chapter.1}% 3
\BOOKMARK [1][-]{section.1.2}{\376\377\000C\000o\000s\000t\000r\000u\000z\000i\000o\000n\000i\000\040\000e\000\040\000s\000t\000r\000u\000t\000t\000u\000r\000e}{chapter.1}% 4
\BOOKMARK [1][-]{section.1.3}{\376\377\000M\000o\000d\000e\000l\000l\000i\000\040\000d\000i\000\040\000c\000o\000r\000p\000o\000\040\000s\000t\000r\000u\000t\000t\000u\000r\000a\000l\000e}{chapter.1}% 5
\BOOKMARK [1][-]{section.1.4}{\376\377\000I\000n\000t\000e\000r\000a\000z\000i\000o\000n\000e\000\040\000s\000t\000r\000u\000t\000t\000u\000r\000a\000-\000e\000s\000t\000e\000r\000n\000o}{chapter.1}% 6
\BOOKMARK [2][-]{subsection.1.4.1}{\376\377\000V\000i\000n\000c\000o\000l\000i\000\040\000e\000\040\000a\000z\000i\000o\000n\000i}{section.1.4}% 7
\BOOKMARK [2][-]{subsection.1.4.2}{\376\377\000T\000i\000p\000o\000l\000o\000g\000i\000e\000\040\000d\000i\000\040\000v\000i\000n\000c\000o\000l\000o}{section.1.4}% 8
\BOOKMARK [2][-]{subsection.1.4.3}{\376\377\000L\000a\000\040\000d\000u\000a\000l\000i\000t\000\340\000\040\000c\000i\000n\000e\000m\000a\000t\000i\000c\000a\000-\000s\000t\000a\000t\000i\000c\000a}{section.1.4}% 9
\BOOKMARK [1][-]{section.1.5}{\376\377\000I\000l\000\040\000c\000o\000r\000p\000o\000\040\000r\000i\000g\000i\000d\000o\000\040\000c\000o\000m\000e\000\040\000f\000o\000n\000d\000a\000m\000e\000n\000t\000o\000\040\000d\000e\000l\000l\000a\000\040\000m\000e\000c\000c\000a\000n\000i\000c\000a\000\040\000d\000e\000l\000l\000e\000\040\000s\000t\000r\000u\000t\000t\000u\000r\000e}{chapter.1}% 10
\BOOKMARK [2][-]{subsection.1.5.1}{\376\377\000I\000l\000\040\000c\000o\000r\000p\000o\000\040\000r\000i\000g\000i\000d\000o\000\040\000c\000o\000m\000e\000\040\000f\000o\000n\000d\000a\000m\000e\000n\000t\000o\000\040\000c\000i\000n\000e\000m\000a\000t\000i\000c\000o}{section.1.5}% 11
\BOOKMARK [2][-]{subsection.1.5.2}{\376\377\000I\000l\000\040\000c\000o\000r\000p\000o\000\040\000r\000i\000g\000i\000d\000o\000\040\000c\000o\000m\000e\000\040\000f\000o\000n\000d\000a\000m\000e\000n\000t\000o\000\040\000s\000t\000a\000t\000i\000c\000o\000-\000v\000i\000n\000c\000o\000l\000a\000r\000e}{section.1.5}% 12
\BOOKMARK [2][-]{subsection.1.5.3}{\376\377\000I\000l\000\040\000r\000u\000o\000l\000o\000\040\000d\000e\000l\000l\000a\000\040\000d\000e\000f\000o\000r\000m\000a\000b\000i\000l\000i\000t\000\340}{section.1.5}% 13
\BOOKMARK [1][-]{section.1.6}{\376\377\000R\000e\000q\000u\000i\000s\000i\000t\000i\000\040\000p\000r\000e\000s\000t\000a\000z\000i\000o\000n\000a\000l\000i\000\040\000e\000\040\000s\000t\000a\000t\000i\000\040\000l\000i\000m\000i\000t\000e}{chapter.1}% 14
\BOOKMARK [1][-]{section.1.7}{\376\377\000L\000'\000a\000n\000a\000l\000i\000s\000i\000\040\000s\000t\000r\000u\000t\000t\000u\000r\000a\000l\000e}{chapter.1}% 15
\BOOKMARK [2][-]{subsection.1.7.1}{\376\377\000L\000e\000\040\000f\000a\000s\000i\000\040\000d\000e\000l\000l\000'\000a\000n\000a\000l\000i\000s\000i\000\040\000s\000t\000r\000u\000t\000t\000u\000r\000a\000l\000e}{section.1.7}% 16
\BOOKMARK [2][-]{subsection.1.7.2}{\376\377\000I\000\040\000t\000r\000e\000\040\000p\000i\000l\000a\000s\000t\000r\000i\000\040\000d\000e\000l\000l\000'\000a\000n\000a\000l\000i\000s\000i}{section.1.7}% 17
\BOOKMARK [1][-]{section.1.8}{\376\377\000S\000u\000l\000l\000'\000a\000r\000t\000e\000\040\000d\000i\000\040\000r\000i\000s\000o\000l\000v\000e\000r\000e\000\040\000i\000\040\000p\000r\000o\000b\000l\000e\000m\000i}{chapter.1}% 18
\BOOKMARK [2][-]{subsection.1.8.1}{\376\377\000I\000\040\000c\000o\000n\000t\000r\000o\000l\000l\000i}{section.1.8}% 19
\BOOKMARK [2][-]{subsection.1.8.2}{\376\377\000I\000l\000\040\000v\000a\000l\000o\000r\000e\000\040\000d\000e\000l\000l\000a\000\040\000d\000o\000p\000p\000i\000a\000\040\000v\000i\000a}{section.1.8}% 20
\BOOKMARK [1][-]{section.1.9}{\376\377\000I\000\040\000t\000r\000e\000\040\000v\000o\000l\000u\000m\000i}{chapter.1}% 21
\BOOKMARK [0][-]{chapter*.3}{\376\377\000P\000r\000o\000l\000o\000g\000o\000:\000\040\000s\000u\000l\000l\000'\000a\000r\000t\000e\000\040\000d\000i\000\040\000r\000i\000s\000o\000l\000v\000e\000r\000e\000\040\000p\000r\000o\000b\000l\000e\000m\000i}{}% 22
\BOOKMARK [-1][-]{part.1}{\376\377\000I\000\040\000P\000r\000e\000l\000i\000m\000i\000n\000a\000r\000i}{}% 23
\BOOKMARK [0][-]{chapter*.4}{\376\377\000I\000n\000t\000r\000o\000d\000u\000z\000i\000o\000n\000e\000\040\000a\000l\000l\000a\000\040\000P\000a\000r\000t\000e\000\040\000I}{part.1}% 24
\BOOKMARK [0][-]{chapter.2}{\376\377\000N\000o\000t\000a\000z\000i\000o\000n\000i\000\040\000e\000\040\000c\000o\000n\000v\000e\000n\000z\000i\000o\000n\000i}{part.1}% 25
\BOOKMARK [1][-]{section.2.1}{\376\377\000S\000p\000a\000z\000i\000o\000\040\000e\000\040\000v\000e\000t\000t\000o\000r\000i}{chapter.2}% 26
\BOOKMARK [2][-]{subsection.2.1.1}{\376\377\000L\000o\000\040\000s\000p\000a\000z\000i\000o\000\040\000e\000u\000c\000l\000i\000d\000e\000o\000\040\000e\000\040\000l\000o\000\040\000s\000p\000a\000z\000i\000o\000\040\000d\000e\000l\000l\000e\000\040\000t\000r\000a\000s\000l\000a\000z\000i\000o\000n\000i}{section.2.1}% 27
\BOOKMARK [2][-]{subsection.2.1.2}{\376\377\000V\000e\000t\000t\000o\000r\000i\000\040\000g\000e\000o\000m\000e\000t\000r\000i\000c\000i\000\040\000e\000\040\000v\000e\000t\000t\000o\000r\000i\000\040\000n\000u\000m\000e\000r\000i\000c\000i}{section.2.1}% 28
\BOOKMARK [2][-]{subsection.2.1.3}{\376\377\000A\000p\000p\000l\000i\000c\000a\000z\000i\000o\000n\000i\000\040\000l\000i\000n\000e\000a\000r\000i\000\040\000e\000\040\000m\000a\000t\000r\000i\000c\000i\000\040\000r\000a\000p\000p\000r\000e\000s\000e\000n\000t\000a\000t\000i\000v\000e}{section.2.1}% 29
\BOOKMARK [1][-]{section.2.2}{\376\377\000S\000u\000i\000\040\000s\000i\000m\000b\000o\000l\000i\000\040\000e\000\040\000l\000e\000\040\000n\000o\000t\000a\000z\000i\000o\000n\000i}{chapter.2}% 30
\BOOKMARK [2][-]{subsection.2.2.1}{\376\377\000I\000l\000\040\000s\000i\000m\000b\000o\000l\000o\000\040\000d\000i\000\040\000e\000g\000u\000a\000g\000l\000i\000a\000n\000z\000a}{section.2.2}% 31
\BOOKMARK [2][-]{subsection.2.2.2}{\376\377\000C\000o\000s\000t\000a\000n\000t\000i\000,\000\040\000p\000a\000r\000a\000m\000e\000t\000r\000i\000\040\000e\000\040\000v\000a\000r\000i\000a\000b\000i\000l\000i}{section.2.2}% 32
\BOOKMARK [2][-]{subsection.2.2.3}{\376\377\000S\000a\000l\000t\000o\000\040\000e\000\040\000i\000n\000c\000r\000e\000m\000e\000n\000t\000o}{section.2.2}% 33
\BOOKMARK [2][-]{subsection.2.2.4}{\376\377\000C\000o\000s\000t\000a\000n\000t\000e\000\040\000e\000\040\000u\000n\000i\000f\000o\000r\000m\000e}{section.2.2}% 34
\BOOKMARK [0][-]{chapter.3}{\376\377\000A\000l\000g\000e\000b\000r\000a\000\040\000d\000e\000l\000l\000e\000\040\000m\000a\000t\000r\000i\000c\000i\000\040\000e\000\040\000s\000i\000s\000t\000e\000m\000i\000\040\000d\000i\000\040\000e\000q\000u\000a\000z\000i\000o\000n\000i\000\040\000l\000i\000n\000e\000a\000r\000i}{part.1}% 35
\BOOKMARK [1][-]{section.3.1}{\376\377\000R\000i\000c\000h\000i\000a\000m\000i\000\040\000s\000u\000\040\000v\000e\000t\000t\000o\000r\000i\000\040\000n\000u\000m\000e\000r\000i\000c\000i\000\040\000e\000\040\000m\000a\000t\000r\000i\000c\000i}{chapter.3}% 36
\BOOKMARK [2][-]{subsection.3.1.1}{\376\377\000V\000e\000t\000t\000o\000r\000i\000\040\000n\000u\000m\000e\000r\000i\000c\000i}{section.3.1}% 37
\BOOKMARK [2][-]{subsection.3.1.2}{\376\377\000M\000a\000t\000r\000i\000c\000i}{section.3.1}% 38
\BOOKMARK [2][-]{subsection.3.1.3}{\376\377\000O\000p\000e\000r\000a\000z\000i\000o\000n\000i\000\040\000f\000r\000a\000\040\000m\000a\000t\000r\000i\000c\000i}{section.3.1}% 39
\BOOKMARK [2][-]{subsection.3.1.4}{\376\377\000M\000a\000t\000r\000i\000c\000i\000\040\000q\000u\000a\000d\000r\000a\000t\000e}{section.3.1}% 40
\BOOKMARK [1][-]{section.3.2}{\376\377\000S\000i\000s\000t\000e\000m\000i\000\040\000d\000i\000\040\000e\000q\000u\000a\000z\000i\000o\000n\000i\000\040\000l\000i\000n\000e\000a\000r\000i\000\040\000a\000l\000g\000e\000b\000r\000i\000c\000h\000e}{chapter.3}% 41
\BOOKMARK [2][-]{subsection.3.2.1}{\376\377\000F\000o\000r\000m\000u\000l\000a\000z\000i\000o\000n\000e\000\040\000d\000e\000l\000\040\000p\000r\000o\000b\000l\000e\000m\000a}{section.3.2}% 42
\BOOKMARK [2][-]{subsection.3.2.2}{\376\377\000T\000e\000o\000r\000e\000m\000a\000\040\000d\000i\000\040\000R\000o\000u\000c\000h\000\351\000-\000C\000a\000p\000e\000l\000l\000i\000\040\000e\000\040\000s\000t\000r\000u\000t\000t\000u\000r\000a\000\040\000d\000e\000l\000l\000a\000\040\000s\000o\000l\000u\000z\000i\000o\000n\000e}{section.3.2}% 43
\BOOKMARK [2][-]{subsection.3.2.3}{\376\377\000S\000i\000s\000t\000e\000m\000i\000\040\000i\000s\000o\000d\000e\000t\000e\000r\000m\000i\000n\000a\000t\000i}{section.3.2}% 44
\BOOKMARK [2][-]{subsection.3.2.4}{\376\377\000S\000i\000s\000t\000e\000m\000i\000\040\000s\000o\000t\000t\000o\000d\000e\000t\000e\000r\000m\000i\000n\000a\000t\000i}{section.3.2}% 45
\BOOKMARK [2][-]{subsection.3.2.5}{\376\377\000S\000i\000s\000t\000e\000m\000i\000\040\000s\000o\000v\000r\000a\000d\000e\000t\000e\000r\000m\000i\000n\000a\000t\000i}{section.3.2}% 46
\BOOKMARK [2][-]{subsection.3.2.6}{\376\377\000S\000i\000s\000t\000e\000m\000i\000\040\000d\000e\000g\000e\000n\000e\000r\000i}{section.3.2}% 47
\BOOKMARK [2][-]{subsection.3.2.7}{\376\377\000R\000i\000e\000p\000i\000l\000o\000g\000o\000\040\000d\000e\000l\000l\000a\000\040\000c\000l\000a\000s\000s\000i\000f\000i\000c\000a\000z\000i\000o\000n\000e}{section.3.2}% 48
\BOOKMARK [1][-]{section.3.3}{\376\377\000E\000s\000e\000m\000p\000i\000\040\000n\000u\000m\000e\000r\000i\000c\000i}{chapter.3}% 49
\BOOKMARK [2][-]{subsection.3.3.1}{\376\377\000S\000i\000s\000t\000e\000m\000a\000\040\000i\000s\000o\000d\000e\000t\000e\000r\000m\000i\000n\000a\000t\000o\000\040\000\050\000m\000=\000n\000=\000r\000=\0002\000\051}{section.3.3}% 50
\BOOKMARK [2][-]{subsection.3.3.2}{\376\377\000S\000i\000s\000t\000e\000m\000a\000\040\000s\000o\000t\000t\000o\000d\000e\000t\000e\000r\000m\000i\000n\000a\000t\000o\000\040\000\050\000m\000=\000r\000=\0001\000,\000\040\000n\000=\0002\000\051}{section.3.3}% 51
\BOOKMARK [2][-]{subsection.3.3.3}{\376\377\000S\000i\000s\000t\000e\000m\000a\000\040\000s\000o\000v\000r\000a\000d\000e\000t\000e\000r\000m\000i\000n\000a\000t\000o\000\040\000\050\000m\000=\0003\000,\000\040\000n\000=\000r\000=\0002\000\051}{section.3.3}% 52
\BOOKMARK [2][-]{subsection.3.3.4}{\376\377\000S\000i\000s\000t\000e\000m\000a\000\040\000d\000e\000g\000e\000n\000e\000r\000e\000\040\000\050\000m\000=\000n\000=\0003\000,\000\040\000r\000=\0002\000\051}{section.3.3}% 53
\BOOKMARK [1][-]{section.3.4}{\376\377\000E\000s\000e\000r\000c\000i\000z\000i\000\040\000p\000r\000o\000p\000o\000s\000t\000i}{chapter.3}% 54
\BOOKMARK [0][-]{chapter.4}{\376\377\000A\000p\000p\000l\000i\000c\000a\000z\000i\000o\000n\000i\000\040\000l\000i\000n\000e\000a\000r\000i\000\040\000e\000\040\000d\000u\000a\000l\000i\000t\000\340}{part.1}% 55
\BOOKMARK [1][-]{section.4.1}{\376\377\000A\000p\000p\000l\000i\000c\000a\000z\000i\000o\000n\000i\000\040\000f\000r\000a\000\040\000i\000n\000s\000i\000e\000m\000i}{chapter.4}% 56
\BOOKMARK [2][-]{subsection.4.1.1}{\376\377\000D\000e\000f\000i\000n\000i\000z\000i\000o\000n\000i\000\040\000f\000o\000n\000d\000a\000m\000e\000n\000t\000a\000l\000i}{section.4.1}% 57
\BOOKMARK [2][-]{subsection.4.1.2}{\376\377\000I\000n\000i\000e\000t\000t\000i\000v\000i\000t\000\340\000,\000\040\000s\000u\000r\000i\000e\000t\000t\000i\000v\000i\000t\000\340\000,\000\040\000b\000i\000e\000t\000t\000i\000v\000i\000t\000\340}{section.4.1}% 58
\BOOKMARK [2][-]{subsection.4.1.3}{\376\377\000I\000l\000\040\000p\000r\000o\000b\000l\000e\000m\000a\000\040\000i\000n\000v\000e\000r\000s\000o}{section.4.1}% 59
\BOOKMARK [1][-]{section.4.2}{\376\377\000A\000p\000p\000l\000i\000c\000a\000z\000i\000o\000n\000i\000\040\000l\000i\000n\000e\000a\000r\000i}{chapter.4}% 60
\BOOKMARK [2][-]{subsection.4.2.1}{\376\377\000D\000e\000f\000i\000n\000i\000z\000i\000o\000n\000e}{section.4.2}% 61
\BOOKMARK [2][-]{subsection.4.2.2}{\376\377\000N\000u\000c\000l\000e\000o\000,\000\040\000i\000m\000m\000a\000g\000i\000n\000e\000,\000\040\000r\000a\000n\000g\000o\000\040\000e\000\040\000n\000u\000l\000l\000i\000t\000\340}{section.4.2}% 62
\BOOKMARK [2][-]{subsection.4.2.3}{\376\377\000T\000e\000o\000r\000e\000m\000a\000\040\000d\000i\000\040\000n\000u\000l\000l\000i\000t\000\340\000\040\000p\000i\000\371\000\040\000r\000a\000n\000g\000o}{section.4.2}% 63
\BOOKMARK [1][-]{section.4.3}{\376\377\000O\000p\000e\000r\000a\000t\000o\000r\000e\000\040\000a\000g\000g\000i\000u\000n\000t\000o\000\040\000e\000\040\000s\000o\000t\000t\000o\000s\000p\000a\000z\000i\000\040\000f\000o\000n\000d\000a\000m\000e\000n\000t\000a\000l\000i}{chapter.4}% 64
\BOOKMARK [2][-]{subsection.4.3.1}{\376\377\000O\000p\000e\000r\000a\000t\000o\000r\000e\000\040\000a\000g\000g\000i\000u\000n\000t\000o}{section.4.3}% 65
\BOOKMARK [2][-]{subsection.4.3.2}{\376\377\000R\000e\000l\000a\000z\000i\000o\000n\000i\000\040\000d\000i\000\040\000o\000r\000t\000o\000g\000o\000n\000a\000l\000i\000t\000\340}{section.4.3}% 66
\BOOKMARK [1][-]{section.4.4}{\376\377\000R\000i\000l\000e\000t\000t\000u\000r\000a\000\040\000d\000e\000l\000l\000a\000\040\000c\000l\000a\000s\000s\000i\000f\000i\000c\000a\000z\000i\000o\000n\000e\000\040\000d\000e\000i\000\040\000s\000i\000s\000t\000e\000m\000i\000\040\000l\000i\000n\000e\000a\000r\000i}{chapter.4}% 67
\BOOKMARK [1][-]{section.4.5}{\376\377\000I\000l\000\040\000p\000r\000o\000b\000l\000e\000m\000a\000\040\000d\000u\000a\000l\000e}{chapter.4}% 68
\BOOKMARK [2][-]{subsection.4.5.1}{\376\377\000F\000o\000r\000m\000u\000l\000a\000z\000i\000o\000n\000e}{section.4.5}% 69
\BOOKMARK [2][-]{subsection.4.5.2}{\376\377\000I\000n\000t\000e\000r\000p\000r\000e\000t\000a\000z\000i\000o\000n\000e\000\040\000m\000e\000d\000i\000a\000n\000t\000e\000\040\000c\000o\000m\000b\000i\000n\000a\000z\000i\000o\000n\000i\000\040\000l\000i\000n\000e\000a\000r\000i}{section.4.5}% 70
\BOOKMARK [2][-]{subsection.4.5.3}{\376\377\000R\000a\000p\000p\000r\000e\000s\000e\000n\000t\000a\000z\000i\000o\000n\000e\000\040\000s\000c\000h\000e\000m\000a\000t\000i\000c\000a\000\040\000d\000e\000l\000l\000a\000\040\000d\000u\000a\000l\000i\000t\000\340}{section.4.5}% 71
\BOOKMARK [1][-]{section.4.6}{\376\377\000I\000d\000e\000n\000t\000i\000t\000\340\000\040\000b\000i\000l\000i\000n\000e\000a\000r\000e}{chapter.4}% 72
\BOOKMARK [2][-]{subsection.4.6.1}{\376\377\000D\000e\000r\000i\000v\000a\000z\000i\000o\000n\000e}{section.4.6}% 73
\BOOKMARK [2][-]{subsection.4.6.2}{\376\377\000S\000i\000g\000n\000i\000f\000i\000c\000a\000t\000o\000\040\000f\000i\000s\000i\000c\000o}{section.4.6}% 74
\BOOKMARK [1][-]{section.4.7}{\376\377\000R\000i\000s\000o\000l\000v\000i\000b\000i\000l\000i\000t\000\340\000\040\000e\000\040\000s\000o\000t\000t\000o\000s\000p\000a\000z\000i\000\040\000f\000o\000n\000d\000a\000m\000e\000n\000t\000a\000l\000i}{chapter.4}% 75
\BOOKMARK [2][-]{subsection.4.7.1}{\376\377\000S\000i\000g\000n\000i\000f\000i\000c\000a\000t\000o\000\040\000f\000i\000s\000i\000c\000o\000\040\000d\000e\000i\000\040\000q\000u\000a\000t\000t\000r\000o\000\040\000s\000o\000t\000t\000o\000s\000p\000a\000z\000i}{section.4.7}% 76
\BOOKMARK [2][-]{subsection.4.7.2}{\376\377\000C\000l\000a\000s\000s\000i\000f\000i\000c\000a\000z\000i\000o\000n\000e\000\040\000d\000e\000i\000\040\000p\000r\000o\000b\000l\000e\000m\000i\000\040\000p\000r\000i\000m\000a\000l\000e\000\040\000e\000\040\000d\000u\000a\000l\000e}{section.4.7}% 77
\BOOKMARK [1][-]{section.4.8}{\376\377\000S\000t\000r\000u\000t\000t\000u\000r\000a\000\040\000d\000e\000l\000l\000a\000\040\000s\000o\000l\000u\000z\000i\000o\000n\000e\000\040\000d\000e\000i\000\040\000p\000r\000o\000b\000l\000e\000m\000i\000\040\000p\000r\000i\000m\000a\000l\000e\000\040\000e\000\040\000d\000u\000a\000l\000e}{chapter.4}% 78
\BOOKMARK [2][-]{subsection.4.8.1}{\376\377\000S\000i\000s\000t\000e\000m\000a\000\040\000i\000s\000o\000d\000e\000t\000e\000r\000m\000i\000n\000a\000t\000o\000\040\000\050\000r\000\040\000=\000\040\000m\000\040\000=\000\040\000n\000\051}{section.4.8}% 79
\BOOKMARK [2][-]{subsection.4.8.2}{\376\377\000S\000i\000s\000t\000e\000m\000a\000\040\000s\000o\000t\000t\000o\000d\000e\000t\000e\000r\000m\000i\000n\000a\000t\000o\000\040\000\050\000r\000\040\000=\000\040\000m\000\040\000<\000\040\000n\000\051}{section.4.8}% 80
\BOOKMARK [2][-]{subsection.4.8.3}{\376\377\000S\000i\000s\000t\000e\000m\000a\000\040\000s\000o\000v\000r\000a\000d\000e\000t\000e\000r\000m\000i\000n\000a\000t\000o\000\040\000\050\000r\000\040\000=\000\040\000n\000\040\000<\000\040\000m\000\051}{section.4.8}% 81
\BOOKMARK [2][-]{subsection.4.8.4}{\376\377\000S\000i\000s\000t\000e\000m\000a\000\040\000d\000e\000g\000e\000n\000e\000r\000e\000\040\000\050\000r\000\040\000<\000\040\000\050\000m\000,\000n\000\051\000\051}{section.4.8}% 82
\BOOKMARK [1][-]{section.4.9}{\376\377\000E\000s\000e\000m\000p\000i\000\040\000n\000u\000m\000e\000r\000i\000c\000i\000:\000\040\000p\000r\000i\000m\000a\000l\000e\000\040\000e\000\040\000d\000u\000a\000l\000e\000\040\000a\000\040\000c\000o\000n\000f\000r\000o\000n\000t\000o}{chapter.4}% 83
\BOOKMARK [2][-]{subsection.4.9.1}{\376\377\000S\000i\000s\000t\000e\000m\000a\000\040\000i\000s\000o\000d\000e\000t\000e\000r\000m\000i\000n\000a\000t\000o\000\040\000\050\000m\000=\000n\000=\000r\000=\0002\000\051}{section.4.9}% 84
\BOOKMARK [2][-]{subsection.4.9.2}{\376\377\000S\000i\000s\000t\000e\000m\000a\000\040\000s\000o\000t\000t\000o\000d\000e\000t\000e\000r\000m\000i\000n\000a\000t\000o\000\040\000\050\000m\000=\000r\000=\0001\000,\000\040\000n\000=\0002\000\051}{section.4.9}% 85
\BOOKMARK [2][-]{subsection.4.9.3}{\376\377\000S\000i\000s\000t\000e\000m\000a\000\040\000s\000o\000v\000r\000a\000d\000e\000t\000e\000r\000m\000i\000n\000a\000t\000o\000\040\000\050\000m\000=\0003\000,\000\040\000n\000=\000r\000=\0002\000\051}{section.4.9}% 86
\BOOKMARK [2][-]{subsection.4.9.4}{\376\377\000S\000i\000s\000t\000e\000m\000a\000\040\000d\000e\000g\000e\000n\000e\000r\000e\000\040\000\050\000m\000=\000n\000=\0003\000,\000\040\000r\000=\0002\000\051}{section.4.9}% 87
\BOOKMARK [1][-]{section.4.10}{\376\377\000E\000s\000e\000r\000c\000i\000z\000i\000\040\000p\000r\000o\000p\000o\000s\000t\000i}{chapter.4}% 88
\BOOKMARK [0][-]{chapter.5}{\376\377\000V\000e\000t\000t\000o\000r\000i\000\040\000g\000e\000o\000m\000e\000t\000r\000i\000c\000i\000:\000\040\000l\000i\000b\000e\000r\000i\000,\000\040\000a\000p\000p\000l\000i\000c\000a\000t\000i\000,\000\040\000p\000o\000l\000a\000r\000i\000\040\000e\000\040\000a\000s\000s\000i\000a\000l\000i}{part.1}% 89
\BOOKMARK [1][-]{section.5.1}{\376\377\000V\000e\000t\000t\000o\000r\000i\000\040\000l\000i\000b\000e\000r\000i\000\040\000e\000\040\000a\000l\000g\000e\000b\000r\000a\000\040\000v\000e\000t\000t\000o\000r\000i\000a\000l\000e}{chapter.5}% 90
\BOOKMARK [2][-]{subsection.5.1.1}{\376\377\000S\000o\000m\000m\000a\000\040\000e\000\040\000p\000r\000o\000d\000o\000t\000t\000o\000\040\000p\000e\000r\000\040\000u\000n\000o\000\040\000s\000c\000a\000l\000a\000r\000e}{section.5.1}% 91
\BOOKMARK [2][-]{subsection.5.1.2}{\376\377\000P\000r\000o\000d\000o\000t\000t\000o\000\040\000s\000c\000a\000l\000a\000r\000e}{section.5.1}% 92
\BOOKMARK [2][-]{subsection.5.1.3}{\376\377\000P\000r\000o\000d\000o\000t\000t\000o\000\040\000v\000e\000t\000t\000o\000r\000i\000a\000l\000e}{section.5.1}% 93
\BOOKMARK [2][-]{subsection.5.1.4}{\376\377\000D\000o\000p\000p\000i\000o\000\040\000p\000r\000o\000d\000o\000t\000t\000o\000\040\000v\000e\000t\000t\000o\000r\000i\000a\000l\000e}{section.5.1}% 94
\BOOKMARK [2][-]{subsection.5.1.5}{\376\377\000P\000r\000o\000d\000o\000t\000t\000o\000\040\000m\000i\000s\000t\000o}{section.5.1}% 95
\BOOKMARK [2][-]{subsection.5.1.6}{\376\377\000P\000r\000o\000d\000o\000t\000t\000o\000\040\000t\000e\000n\000s\000o\000r\000i\000a\000l\000e}{section.5.1}% 96
\BOOKMARK [1][-]{section.5.2}{\376\377\000V\000e\000t\000t\000o\000r\000i\000\040\000a\000p\000p\000l\000i\000c\000a\000t\000i}{chapter.5}% 97
\BOOKMARK [2][-]{subsection.5.2.1}{\376\377\000M\000o\000m\000e\000n\000t\000o\000\040\000p\000o\000l\000a\000r\000e}{section.5.2}% 98
\BOOKMARK [2][-]{subsection.5.2.2}{\376\377\000L\000e\000g\000g\000e\000\040\000d\000i\000\040\000v\000a\000r\000i\000a\000z\000i\000o\000n\000e\000\040\000d\000e\000l\000\040\000m\000o\000m\000e\000n\000t\000o\000\040\000a\000l\000\040\000v\000a\000r\000i\000a\000r\000e\000\040\000d\000e\000l\000\040\000p\000o\000l\000o}{section.5.2}% 99
\BOOKMARK [2][-]{subsection.5.2.3}{\376\377\000M\000o\000m\000e\000n\000t\000o\000\040\000a\000s\000s\000i\000a\000l\000e}{section.5.2}% 100
\BOOKMARK [1][-]{section.5.3}{\376\377\000V\000e\000t\000t\000o\000r\000i\000\040\000p\000o\000l\000a\000r\000i\000\040\000e\000\040\000v\000e\000t\000t\000o\000r\000i\000\040\000a\000s\000s\000i\000a\000l\000i}{chapter.5}% 101
\BOOKMARK [2][-]{subsection.5.3.1}{\376\377\000C\000o\000m\000p\000o\000r\000t\000a\000m\000e\000n\000t\000o\000\040\000s\000o\000t\000t\000o\000\040\000r\000i\000f\000l\000e\000s\000s\000i\000o\000n\000e}{section.5.3}% 102
\BOOKMARK [2][-]{subsection.5.3.2}{\376\377\000R\000e\000g\000o\000l\000e\000\040\000d\000i\000\040\000c\000o\000m\000p\000o\000s\000i\000z\000i\000o\000n\000e}{section.5.3}% 103
\BOOKMARK [2][-]{subsection.5.3.3}{\376\377\000R\000a\000p\000p\000r\000e\000s\000e\000n\000t\000a\000z\000i\000o\000n\000e\000\040\000g\000r\000a\000f\000i\000c\000a}{section.5.3}% 104
\BOOKMARK [1][-]{section.5.4}{\376\377\000I\000l\000\040\000c\000a\000s\000o\000\040\000p\000i\000a\000n\000o}{chapter.5}% 105
\BOOKMARK [1][-]{section.5.5}{\376\377\000E\000s\000e\000r\000c\000i\000z\000i\000\040\000p\000r\000o\000p\000o\000s\000t\000i}{chapter.5}% 106
\BOOKMARK [-1][-]{part.2}{\376\377\000I\000I\000\040\000M\000e\000c\000c\000a\000n\000i\000c\000a\000\040\000d\000e\000i\000\040\000c\000o\000r\000p\000i\000\040\000r\000i\000g\000i\000d\000i}{}% 107
\BOOKMARK [0][-]{chapter*.22}{\376\377\000I\000n\000t\000r\000o\000d\000u\000z\000i\000o\000n\000e\000\040\000a\000l\000l\000a\000\040\000P\000a\000r\000t\000e\000\040\000I\000I}{part.2}% 108
\BOOKMARK [0][-]{chapter.6}{\376\377\000C\000i\000n\000e\000m\000a\000t\000i\000c\000a\000\040\000i\000n\000f\000i\000n\000i\000t\000e\000s\000i\000m\000a\000\040\000d\000e\000l\000\040\000c\000o\000r\000p\000o\000\040\000r\000i\000g\000i\000d\000o}{part.2}% 109
\BOOKMARK [1][-]{section.6.1}{\376\377\000S\000p\000o\000s\000t\000a\000m\000e\000n\000t\000o\000\040\000r\000i\000g\000i\000d\000o\000\040\000f\000i\000n\000i\000t\000o\000\040\000e\000\040\000g\000r\000a\000d\000i\000\040\000d\000i\000\040\000l\000i\000b\000e\000r\000t\000\340}{chapter.6}% 110
\BOOKMARK [1][-]{section.6.2}{\376\377\000L\000a\000\040\000f\000o\000r\000m\000u\000l\000a\000\040\000f\000o\000n\000d\000a\000m\000e\000n\000t\000a\000l\000e\000\040\000d\000e\000l\000l\000a\000\040\000c\000i\000n\000e\000m\000a\000t\000i\000c\000a\000\040\000i\000n\000f\000i\000n\000i\000t\000e\000s\000i\000m\000a}{chapter.6}% 111
\BOOKMARK [2][-]{subsection.6.2.1}{\376\377\000D\000e\000r\000i\000v\000a\000z\000i\000o\000n\000e\000\040\000p\000e\000r\000\040\000l\000i\000n\000e\000a\000r\000i\000z\000z\000a\000z\000i\000o\000n\000e\000\040\000d\000e\000l\000l\000a\000\040\000r\000o\000t\000a\000z\000i\000o\000n\000e}{section.6.2}% 112
\BOOKMARK [2][-]{subsection.6.2.2}{\376\377\000D\000e\000r\000i\000v\000a\000z\000i\000o\000n\000e\000\040\000p\000e\000r\000\040\000i\000n\000v\000a\000r\000i\000a\000n\000z\000a\000\040\000d\000e\000l\000l\000e\000\040\000d\000i\000s\000t\000a\000n\000z\000e}{section.6.2}% 113
\BOOKMARK [2][-]{subsection.6.2.3}{\376\377\000F\000o\000r\000m\000a\000\040\000m\000a\000t\000r\000i\000c\000i\000a\000l\000e}{section.6.2}% 114
\BOOKMARK [1][-]{section.6.3}{\376\377\000I\000n\000v\000a\000r\000i\000a\000n\000t\000i\000\040\000d\000e\000l\000\040\000c\000a\000m\000p\000o\000\040\000d\000i\000\040\000s\000p\000o\000s\000t\000a\000m\000e\000n\000t\000o}{chapter.6}% 115
\BOOKMARK [1][-]{section.6.4}{\376\377\000A\000s\000s\000e\000\040\000c\000e\000n\000t\000r\000a\000l\000e\000\040\000d\000e\000g\000l\000i\000\040\000s\000p\000o\000s\000t\000a\000m\000e\000n\000t\000i\000\040\000r\000i\000g\000i\000d\000i\000\040\000i\000n\000f\000i\000n\000i\000t\000e\000s\000i\000m\000i}{chapter.6}% 116
\BOOKMARK [2][-]{subsection.6.4.1}{\376\377\000D\000e\000c\000o\000m\000p\000o\000s\000i\000z\000i\000o\000n\000e\000\040\000d\000e\000l\000l\000o\000\040\000s\000p\000o\000s\000t\000a\000m\000e\000n\000t\000o}{section.6.4}% 117
\BOOKMARK [2][-]{subsection.6.4.2}{\376\377\000I\000n\000v\000a\000r\000i\000a\000n\000z\000a\000\040\000d\000e\000l\000l\000a\000\040\000c\000o\000m\000p\000o\000n\000e\000n\000t\000e\000\040\000p\000a\000r\000a\000l\000l\000e\000l\000a}{section.6.4}% 118
\BOOKMARK [2][-]{subsection.6.4.3}{\376\377\000A\000n\000n\000u\000l\000l\000a\000m\000e\000n\000t\000o\000\040\000d\000e\000l\000l\000a\000\040\000c\000o\000m\000p\000o\000n\000e\000n\000t\000e\000\040\000o\000r\000t\000o\000g\000o\000n\000a\000l\000e}{section.6.4}% 119
\BOOKMARK [2][-]{subsection.6.4.4}{\376\377\000P\000r\000o\000p\000r\000i\000e\000t\000\340\000\040\000d\000e\000l\000l\000'\000a\000s\000s\000e\000\040\000c\000e\000n\000t\000r\000a\000l\000e}{section.6.4}% 120
\BOOKMARK [1][-]{section.6.5}{\376\377\000C\000l\000a\000s\000s\000i\000f\000i\000c\000a\000z\000i\000o\000n\000e\000\040\000d\000e\000i\000\040\000m\000o\000t\000i\000\040\000r\000i\000g\000i\000d\000i\000\040\000i\000n\000f\000i\000n\000i\000t\000e\000s\000i\000m\000i}{chapter.6}% 121
\BOOKMARK [1][-]{section.6.6}{\376\377\000P\000a\000r\000t\000i\000c\000o\000l\000a\000r\000i\000z\000z\000a\000z\000i\000o\000n\000e\000\040\000a\000l\000\040\000c\000a\000s\000o\000\040\000p\000i\000a\000n\000o}{chapter.6}% 122
\BOOKMARK [2][-]{subsection.6.6.1}{\376\377\000F\000o\000r\000m\000u\000l\000a\000\040\000f\000o\000n\000d\000a\000m\000e\000n\000t\000a\000l\000e\000\040\000n\000e\000l\000\040\000p\000i\000a\000n\000o}{section.6.6}% 123
\BOOKMARK [2][-]{subsection.6.6.2}{\376\377\000C\000e\000n\000t\000r\000o\000\040\000d\000i\000\040\000r\000o\000t\000a\000z\000i\000o\000n\000e}{section.6.6}% 124
\BOOKMARK [2][-]{subsection.6.6.3}{\376\377\000C\000o\000m\000p\000o\000s\000i\000z\000i\000o\000n\000e\000\040\000d\000i\000\040\000r\000o\000t\000a\000z\000i\000o\000n\000i\000\040\000i\000n\000f\000i\000n\000i\000t\000e\000s\000i\000m\000e\000\040\000n\000e\000l\000\040\000p\000i\000a\000n\000o}{section.6.6}% 125
\BOOKMARK [2][-]{subsection.6.6.4}{\376\377\000C\000e\000n\000t\000r\000o\000\040\000d\000i\000\040\000r\000o\000t\000a\000z\000i\000o\000n\000e\000\040\000r\000e\000l\000a\000t\000i\000v\000o\000\040\000e\000\040\000a\000l\000l\000i\000n\000e\000a\000m\000e\000n\000t\000o\000\040\000d\000e\000i\000\040\000c\000e\000n\000t\000r\000i}{section.6.6}% 126
\BOOKMARK [2][-]{subsection.6.6.5}{\376\377\000A\000l\000l\000i\000n\000e\000a\000m\000e\000n\000t\000o\000\040\000d\000e\000i\000\040\000c\000e\000n\000t\000r\000i\000\040\000d\000i\000\040\000r\000o\000t\000a\000z\000i\000o\000n\000e\000\040\000r\000e\000l\000a\000t\000i\000v\000i}{section.6.6}% 127
\BOOKMARK [1][-]{section.6.7}{\376\377\000E\000s\000e\000r\000c\000i\000z\000i\000\040\000p\000r\000o\000p\000o\000s\000t\000i}{chapter.6}% 128
\BOOKMARK [0][-]{chapter.7}{\376\377\000S\000t\000a\000t\000i\000c\000a\000\040\000d\000e\000l\000\040\000c\000o\000r\000p\000o\000\040\000r\000i\000g\000i\000d\000o}{part.2}% 129
\BOOKMARK [1][-]{section.7.1}{\376\377\000C\000o\000n\000s\000i\000d\000e\000r\000a\000z\000i\000o\000n\000i\000\040\000i\000n\000t\000r\000o\000d\000u\000t\000t\000i\000v\000e}{chapter.7}% 130
\BOOKMARK [1][-]{section.7.2}{\376\377\000R\000i\000d\000u\000z\000i\000o\000n\000e\000\040\000d\000i\000\040\000u\000n\000\040\000s\000i\000s\000t\000e\000m\000a\000\040\000d\000i\000\040\000f\000o\000r\000z\000e}{chapter.7}% 131
\BOOKMARK [2][-]{subsection.7.2.1}{\376\377\000R\000i\000s\000u\000l\000t\000a\000n\000t\000e\000\040\000e\000\040\000m\000o\000m\000e\000n\000t\000o\000\040\000r\000i\000s\000u\000l\000t\000a\000n\000t\000e}{section.7.2}% 132
\BOOKMARK [2][-]{subsection.7.2.2}{\376\377\000C\000o\000p\000p\000i\000a\000\040\000d\000i\000\040\000f\000o\000r\000z\000e}{section.7.2}% 133
\BOOKMARK [2][-]{subsection.7.2.3}{\376\377\000D\000e\000n\000s\000i\000t\000\340\000\040\000d\000i\000\040\000f\000o\000r\000z\000e}{section.7.2}% 134
\BOOKMARK [1][-]{section.7.3}{\376\377\000L\000e\000g\000g\000e\000\040\000d\000i\000\040\000v\000a\000r\000i\000a\000z\000i\000o\000n\000e\000\040\000d\000e\000l\000\040\000m\000o\000m\000e\000n\000t\000o}{chapter.7}% 135
\BOOKMARK [1][-]{section.7.4}{\376\377\000I\000n\000v\000a\000r\000i\000a\000n\000t\000i\000\040\000d\000e\000l\000\040\000c\000a\000m\000p\000o\000\040\000d\000e\000i\000\040\000m\000o\000m\000e\000n\000t\000i}{chapter.7}% 136
\BOOKMARK [1][-]{section.7.5}{\376\377\000A\000s\000s\000e\000\040\000c\000e\000n\000t\000r\000a\000l\000e\000\040\000d\000e\000l\000\040\000s\000i\000s\000t\000e\000m\000a\000\040\000d\000i\000\040\000f\000o\000r\000z\000e}{chapter.7}% 137
\BOOKMARK [2][-]{subsection.7.5.1}{\376\377\000D\000e\000c\000o\000m\000p\000o\000s\000i\000z\000i\000o\000n\000e\000\040\000d\000e\000l\000\040\000m\000o\000m\000e\000n\000t\000o}{section.7.5}% 138
\BOOKMARK [2][-]{subsection.7.5.2}{\376\377\000I\000n\000v\000a\000r\000i\000a\000n\000z\000a\000\040\000d\000e\000l\000l\000a\000\040\000c\000o\000m\000p\000o\000n\000e\000n\000t\000e\000\040\000p\000a\000r\000a\000l\000l\000e\000l\000a}{section.7.5}% 139
\BOOKMARK [2][-]{subsection.7.5.3}{\376\377\000A\000n\000n\000u\000l\000l\000a\000m\000e\000n\000t\000o\000\040\000d\000e\000l\000l\000a\000\040\000c\000o\000m\000p\000o\000n\000e\000n\000t\000e\000\040\000o\000r\000t\000o\000g\000o\000n\000a\000l\000e}{section.7.5}% 140
\BOOKMARK [2][-]{subsection.7.5.4}{\376\377\000P\000r\000o\000p\000r\000i\000e\000t\000\340\000\040\000d\000e\000l\000l\000'\000a\000s\000s\000e\000\040\000c\000e\000n\000t\000r\000a\000l\000e}{section.7.5}% 141
\BOOKMARK [1][-]{section.7.6}{\376\377\000E\000q\000u\000i\000v\000a\000l\000e\000n\000z\000a\000\040\000d\000i\000\040\000s\000i\000s\000t\000e\000m\000i\000\040\000d\000i\000\040\000f\000o\000r\000z\000e}{chapter.7}% 142
\BOOKMARK [2][-]{subsection.7.6.1}{\376\377\000D\000e\000f\000i\000n\000i\000z\000i\000o\000n\000e\000\040\000d\000i\000\040\000e\000q\000u\000i\000v\000a\000l\000e\000n\000z\000a}{section.7.6}% 143
\BOOKMARK [2][-]{subsection.7.6.2}{\376\377\000O\000p\000e\000r\000a\000z\000i\000o\000n\000i\000\040\000e\000l\000e\000m\000e\000n\000t\000a\000r\000i\000\040\000d\000i\000\040\000e\000q\000u\000i\000v\000a\000l\000e\000n\000z\000a}{section.7.6}% 144
\BOOKMARK [1][-]{section.7.7}{\376\377\000C\000l\000a\000s\000s\000i\000f\000i\000c\000a\000z\000i\000o\000n\000e\000\040\000d\000e\000i\000\040\000s\000i\000s\000t\000e\000m\000i\000\040\000e\000q\000u\000i\000v\000a\000l\000e\000n\000t\000i}{chapter.7}% 145
\BOOKMARK [1][-]{section.7.8}{\376\377\000P\000a\000r\000t\000i\000c\000o\000l\000a\000r\000i\000z\000z\000a\000z\000i\000o\000n\000e\000\040\000a\000l\000\040\000c\000a\000s\000o\000\040\000p\000i\000a\000n\000o}{chapter.7}% 146
\BOOKMARK [2][-]{subsection.7.8.1}{\376\377\000L\000e\000g\000g\000e\000\040\000d\000i\000\040\000v\000a\000r\000i\000a\000z\000i\000o\000n\000e\000\040\000n\000e\000l\000\040\000p\000i\000a\000n\000o}{section.7.8}% 147
\BOOKMARK [2][-]{subsection.7.8.2}{\376\377\000A\000s\000s\000e\000\040\000d\000i\000\040\000s\000o\000l\000l\000e\000c\000i\000t\000a\000z\000i\000o\000n\000e}{section.7.8}% 148
\BOOKMARK [2][-]{subsection.7.8.3}{\376\377\000S\000i\000s\000t\000e\000m\000i\000\040\000d\000i\000\040\000f\000o\000r\000z\000e\000\040\000e\000q\000u\000i\000o\000r\000i\000e\000n\000t\000a\000t\000e\000\040\000n\000e\000l\000\040\000p\000i\000a\000n\000o}{section.7.8}% 149
\BOOKMARK [1][-]{section.7.9}{\376\377\000E\000s\000e\000r\000c\000i\000z\000i\000\040\000p\000r\000o\000p\000o\000s\000t\000i}{chapter.7}% 150
\BOOKMARK [0][-]{chapter.8}{\376\377\000D\000u\000a\000l\000i\000s\000m\000o\000\040\000t\000r\000a\000\040\000c\000i\000n\000e\000m\000a\000t\000i\000c\000a\000\040\000e\000\040\000s\000t\000a\000t\000i\000c\000a\000\040\000d\000e\000l\000\040\000c\000o\000r\000p\000o\000\040\000r\000i\000g\000i\000d\000o}{part.2}% 151
\BOOKMARK [1][-]{section.8.1}{\376\377\000D\000u\000a\000l\000i\000s\000m\000o\000\040\000c\000i\000n\000e\000m\000a\000t\000i\000c\000o\000-\000s\000t\000a\000t\000i\000c\000o}{chapter.8}% 152
\BOOKMARK [2][-]{subsection.8.1.1}{\376\377\000I\000l\000\040\000c\000a\000s\000o\000\040\000p\000i\000a\000n\000o}{section.8.1}% 153
\BOOKMARK [1][-]{section.8.2}{\376\377\000L\000a\000v\000o\000r\000o\000\040\000v\000i\000r\000t\000u\000a\000l\000e}{chapter.8}% 154
\BOOKMARK [2][-]{subsection.8.2.1}{\376\377\000F\000o\000r\000z\000e\000\040\000c\000o\000n\000c\000e\000n\000t\000r\000a\000t\000e}{section.8.2}% 155
\BOOKMARK [2][-]{subsection.8.2.2}{\376\377\000C\000o\000p\000p\000i\000e\000\040\000c\000o\000n\000c\000e\000n\000t\000r\000a\000t\000e}{section.8.2}% 156
\BOOKMARK [2][-]{subsection.8.2.3}{\376\377\000F\000o\000r\000z\000e\000\040\000d\000i\000s\000t\000r\000i\000b\000u\000i\000t\000e}{section.8.2}% 157
\BOOKMARK [1][-]{section.8.3}{\376\377\000E\000q\000u\000i\000l\000i\000b\000r\000i\000o\000\040\000e\000\040\000l\000a\000v\000o\000r\000o\000\040\000v\000i\000r\000t\000u\000a\000l\000e}{chapter.8}% 158
\BOOKMARK [1][-]{section.8.4}{\376\377\000E\000s\000e\000r\000c\000i\000z\000i\000\040\000p\000r\000o\000p\000o\000s\000t\000i}{chapter.8}% 159
\BOOKMARK [0][-]{chapter.9}{\376\377\000P\000r\000e\000s\000t\000a\000z\000i\000o\000n\000i\000\040\000c\000i\000n\000e\000m\000a\000t\000i\000c\000h\000e\000\040\000e\000\040\000s\000t\000a\000t\000i\000c\000h\000e\000\040\000d\000e\000i\000\040\000v\000i\000n\000c\000o\000l\000i}{part.2}% 160
\BOOKMARK [1][-]{section.9.1}{\376\377\000I\000l\000\040\000v\000i\000n\000c\000o\000l\000o\000\040\000d\000i\000\040\000r\000i\000g\000i\000d\000i\000t\000\340\000\040\000e\000\040\000i\000\040\000v\000i\000n\000c\000o\000l\000i\000\040\000d\000i\000\040\000c\000o\000l\000l\000e\000g\000a\000m\000e\000n\000t\000o}{chapter.9}% 161
\BOOKMARK [2][-]{subsection.9.1.1}{\376\377\000P\000r\000e\000s\000t\000a\000z\000i\000o\000n\000e\000\040\000c\000i\000n\000e\000m\000a\000t\000i\000c\000a}{section.9.1}% 162
\BOOKMARK [2][-]{subsection.9.1.2}{\376\377\000P\000r\000e\000s\000t\000a\000z\000i\000o\000n\000e\000\040\000s\000t\000a\000t\000i\000c\000a}{section.9.1}% 163
\BOOKMARK [2][-]{subsection.9.1.3}{\376\377\000D\000i\000s\000t\000o\000r\000s\000i\000o\000n\000i\000\040\000e\000\040\000s\000v\000i\000n\000c\000o\000l\000i}{section.9.1}% 164
\BOOKMARK [1][-]{section.9.2}{\376\377\000I\000l\000\040\000v\000i\000n\000c\000o\000l\000o\000\040\000p\000o\000s\000i\000z\000i\000o\000n\000a\000l\000e\000:\000\040\000d\000e\000f\000i\000n\000i\000z\000i\000o\000n\000e\000\040\000e\000\040\000c\000l\000a\000s\000s\000i\000f\000i\000c\000a\000z\000i\000o\000n\000e}{chapter.9}% 165
\BOOKMARK [2][-]{subsection.9.2.1}{\376\377\000V\000i\000n\000c\000o\000l\000i\000\040\000e\000s\000t\000e\000r\000n\000i\000\040\000e\000\040\000v\000i\000n\000c\000o\000l\000i\000\040\000i\000n\000t\000e\000r\000n\000i}{section.9.2}% 166
\BOOKMARK [1][-]{section.9.3}{\376\377\000R\000i\000c\000h\000i\000a\000m\000o\000:\000\040\000i\000l\000\040\000c\000a\000m\000p\000o\000\040\000d\000i\000\040\000s\000p\000o\000s\000t\000a\000m\000e\000n\000t\000o\000\040\000e\000\040\000i\000l\000\040\000c\000e\000n\000t\000r\000o\000\040\000d\000i\000\040\000r\000o\000t\000a\000z\000i\000o\000n\000e}{chapter.9}% 167
\BOOKMARK [1][-]{section.9.4}{\376\377\000V\000i\000n\000c\000o\000l\000i\000\040\000s\000e\000m\000p\000l\000i\000c\000i\000:\000\040\000m\000o\000l\000t\000e\000p\000l\000i\000c\000i\000t\000\340\000\040\000u\000n\000o}{chapter.9}% 168
\BOOKMARK [2][-]{subsection.9.4.1}{\376\377\000I\000l\000\040\000c\000a\000r\000r\000e\000l\000l\000o}{section.9.4}% 169
\BOOKMARK [2][-]{subsection.9.4.2}{\376\377\000I\000l\000\040\000b\000i\000p\000e\000n\000d\000o\000l\000o}{section.9.4}% 170
\BOOKMARK [1][-]{section.9.5}{\376\377\000V\000i\000n\000c\000o\000l\000i\000\040\000d\000o\000p\000p\000i\000:\000\040\000m\000o\000l\000t\000e\000p\000l\000i\000c\000i\000t\000\340\000\040\000d\000u\000e}{chapter.9}% 171
\BOOKMARK [2][-]{subsection.9.5.1}{\376\377\000L\000a\000\040\000c\000e\000r\000n\000i\000e\000r\000a}{section.9.5}% 172
\BOOKMARK [2][-]{subsection.9.5.2}{\376\377\000I\000l\000\040\000g\000l\000i\000f\000o}{section.9.5}% 173
\BOOKMARK [1][-]{section.9.6}{\376\377\000V\000i\000n\000c\000o\000l\000o\000\040\000t\000r\000i\000p\000l\000o\000:\000\040\000l\000'\000i\000n\000c\000a\000s\000t\000r\000o}{chapter.9}% 174
\BOOKMARK [1][-]{section.9.7}{\376\377\000V\000i\000n\000c\000o\000l\000i\000\040\000c\000o\000m\000p\000o\000s\000t\000i\000:\000\040\000g\000i\000u\000s\000t\000a\000p\000p\000o\000s\000i\000z\000i\000o\000n\000e\000\040\000d\000i\000\040\000v\000i\000n\000c\000o\000l\000i\000\040\000s\000e\000m\000p\000l\000i\000c\000i}{chapter.9}% 175
\BOOKMARK [1][-]{section.9.8}{\376\377\000T\000a\000v\000o\000l\000a\000\040\000r\000i\000e\000p\000i\000l\000o\000g\000a\000t\000i\000v\000a}{chapter.9}% 176
\BOOKMARK [1][-]{section.9.9}{\376\377\000I\000l\000\040\000c\000e\000d\000i\000m\000e\000n\000t\000o\000\040\000v\000i\000n\000c\000o\000l\000a\000r\000e}{chapter.9}% 177
\BOOKMARK [1][-]{section.9.10}{\376\377\000D\000u\000a\000l\000i\000t\000\340\000\040\000f\000r\000a\000\040\000v\000i\000n\000c\000o\000l\000i\000\040\000c\000o\000m\000p\000o\000s\000t\000i\000\040\000e\000\040\000c\000o\000m\000p\000o\000n\000e\000n\000t\000i}{chapter.9}% 178
\BOOKMARK [1][-]{section.9.11}{\376\377\000V\000i\000n\000c\000o\000l\000i\000\040\000c\000h\000e\000\040\000c\000o\000l\000l\000e\000g\000a\000n\000o\000\040\000p\000i\000\371\000\040\000c\000o\000r\000p\000i}{chapter.9}% 179
\BOOKMARK [2][-]{subsection.9.11.1}{\376\377\000L\000a\000\040\000c\000e\000r\000n\000i\000e\000r\000a\000\040\000m\000u\000l\000t\000i\000p\000l\000a}{section.9.11}% 180
\BOOKMARK [2][-]{subsection.9.11.2}{\376\377\000L\000'\000i\000n\000c\000a\000s\000t\000r\000o\000\040\000m\000u\000l\000t\000i\000p\000l\000o}{section.9.11}% 181
\BOOKMARK [1][-]{section.9.12}{\376\377\000C\000e\000n\000n\000o\000\040\000a\000i\000\040\000v\000i\000n\000c\000o\000l\000i\000\040\000s\000p\000a\000z\000i\000a\000l\000i}{chapter.9}% 182
\BOOKMARK [1][-]{section.9.13}{\376\377\000E\000s\000e\000r\000c\000i\000z\000i\000\040\000p\000r\000o\000p\000o\000s\000t\000i}{chapter.9}% 183
\BOOKMARK [0][-]{chapter.10}{\376\377\000I\000\040\000p\000r\000o\000b\000l\000e\000m\000i\000\040\000c\000i\000n\000e\000m\000a\000t\000i\000c\000o\000\040\000e\000\040\000s\000t\000a\000t\000i\000c\000o\000\040\000d\000e\000i\000\040\000S\000C\000R}{part.2}% 184
\BOOKMARK [1][-]{section.10.1}{\376\377\000I\000l\000\040\000v\000e\000t\000t\000o\000r\000e\000\040\000d\000i\000\040\000c\000o\000n\000f\000i\000g\000u\000r\000a\000z\000i\000o\000n\000e\000\040\000d\000e\000l\000\040\000s\000i\000s\000t\000e\000m\000a}{chapter.10}% 185
\BOOKMARK [1][-]{section.10.2}{\376\377\000L\000a\000\040\000m\000a\000t\000r\000i\000c\000e\000\040\000d\000e\000i\000\040\000v\000i\000n\000c\000o\000l\000i\000\040\000e\000\040\000i\000l\000\040\000p\000r\000o\000b\000l\000e\000m\000a\000\040\000c\000i\000n\000e\000m\000a\000t\000i\000c\000o}{chapter.10}% 186
\BOOKMARK [2][-]{subsection.10.2.1}{\376\377\000S\000t\000r\000u\000t\000t\000u\000r\000a\000\040\000d\000e\000l\000l\000e\000\040\000e\000q\000u\000a\000z\000i\000o\000n\000i\000\040\000d\000i\000\040\000v\000i\000n\000c\000o\000l\000o}{section.10.2}% 187
\BOOKMARK [2][-]{subsection.10.2.2}{\376\377\000C\000o\000n\000g\000r\000u\000e\000n\000z\000a\000\040\000d\000e\000l\000\040\000s\000i\000s\000t\000e\000m\000a\000:\000\040\000i\000l\000\040\000p\000r\000o\000b\000l\000e\000m\000a\000\040\000c\000i\000n\000e\000m\000a\000t\000i\000c\000o}{section.10.2}% 188
\BOOKMARK [1][-]{section.10.3}{\376\377\000I\000l\000\040\000p\000r\000o\000b\000l\000e\000m\000a\000\040\000s\000t\000a\000t\000i\000c\000o\000\040\000e\000\040\000i\000l\000\040\000d\000u\000a\000l\000i\000s\000m\000o\000\040\000B\000\040\000=\000\040\000A\000\136\000T}{chapter.10}% 189
\BOOKMARK [2][-]{subsection.10.3.1}{\376\377\000F\000o\000r\000z\000e\000\040\000g\000e\000n\000e\000r\000a\000l\000i\000z\000z\000a\000t\000e\000\040\000d\000e\000l\000l\000e\000\040\000f\000o\000r\000z\000e\000\040\000a\000t\000t\000i\000v\000e}{section.10.3}% 190
\BOOKMARK [2][-]{subsection.10.3.2}{\376\377\000F\000o\000r\000z\000e\000\040\000g\000e\000n\000e\000r\000a\000l\000i\000z\000z\000a\000t\000e\000\040\000d\000e\000l\000l\000e\000\040\000r\000e\000a\000z\000i\000o\000n\000i\000\040\000v\000i\000n\000c\000o\000l\000a\000r\000i}{section.10.3}% 191
\BOOKMARK [2][-]{subsection.10.3.3}{\376\377\000E\000q\000u\000i\000l\000i\000b\000r\000i\000o\000\040\000d\000e\000l\000\040\000s\000i\000s\000t\000e\000m\000a\000:\000\040\000i\000l\000\040\000p\000r\000o\000b\000l\000e\000m\000a\000\040\000s\000t\000a\000t\000i\000c\000o}{section.10.3}% 192
\BOOKMARK [1][-]{section.10.4}{\376\377\000I\000\040\000q\000u\000a\000t\000t\000r\000o\000\040\000s\000o\000t\000t\000o\000s\000p\000a\000z\000i\000\040\000e\000\040\000l\000a\000\040\000c\000l\000a\000s\000s\000i\000f\000i\000c\000a\000z\000i\000o\000n\000e}{chapter.10}% 193
\BOOKMARK [2][-]{subsection.10.4.1}{\376\377\000S\000t\000r\000u\000t\000t\000u\000r\000a\000\040\000d\000u\000a\000l\000e\000\040\000d\000e\000i\000\040\000d\000u\000e\000\040\000p\000r\000o\000b\000l\000e\000m\000i}{section.10.4}% 194
\BOOKMARK [2][-]{subsection.10.4.2}{\376\377\000I\000\040\000q\000u\000a\000t\000t\000r\000o\000\040\000s\000o\000t\000t\000o\000s\000p\000a\000z\000i\000\040\000f\000o\000n\000d\000a\000m\000e\000n\000t\000a\000l\000i\000\040\000d\000i\000\040\000A}{section.10.4}% 195
\BOOKMARK [2][-]{subsection.10.4.3}{\376\377\000L\000a\000\040\000f\000o\000r\000m\000u\000l\000a\000\040\000f\000o\000n\000d\000a\000m\000e\000n\000t\000a\000l\000e\000\040\000d\000i\000\040\000c\000l\000a\000s\000s\000i\000f\000i\000c\000a\000z\000i\000o\000n\000e}{section.10.4}% 196
\BOOKMARK [2][-]{subsection.10.4.4}{\376\377\000S\000t\000r\000u\000t\000t\000u\000r\000a\000\040\000d\000e\000l\000l\000a\000\040\000s\000o\000l\000u\000z\000i\000o\000n\000e}{section.10.4}% 197
\BOOKMARK [1][-]{section.10.5}{\376\377\000E\000s\000e\000m\000p\000i\000\040\000a\000p\000p\000l\000i\000c\000a\000t\000i\000v\000i}{chapter.10}% 198
\BOOKMARK [1][-]{section.10.6}{\376\377\000E\000s\000e\000r\000c\000i\000z\000i\000\040\000p\000r\000o\000p\000o\000s\000t\000i}{chapter.10}% 199
\BOOKMARK [0][-]{chapter.11}{\376\377\000A\000n\000a\000l\000i\000s\000i\000\040\000o\000p\000e\000r\000a\000t\000i\000v\000a\000\040\000d\000e\000i\000\040\000S\000C\000R\000\040}{part.2}% 200
\BOOKMARK [1][-]{section.11.1}{\376\377\000I\000\040\000d\000u\000e\000\040\000p\000r\000o\000b\000l\000e\000m\000i\000\040\000i\000n\000\040\000f\000o\000r\000m\000a\000\040\000m\000a\000t\000r\000i\000c\000i\000a\000l\000e}{chapter.11}% 201
\BOOKMARK [1][-]{section.11.2}{\376\377\000S\000i\000s\000t\000e\000m\000i\000\040\000c\000i\000n\000e\000m\000a\000t\000i\000c\000a\000m\000e\000n\000t\000e\000\040\000e\000\040\000s\000t\000a\000t\000i\000c\000a\000m\000e\000n\000t\000e\000\040\000d\000e\000t\000e\000r\000m\000i\000n\000a\000t\000i}{chapter.11}% 202
\BOOKMARK [2][-]{subsection.11.2.1}{\376\377\000P\000r\000o\000b\000l\000e\000m\000a\000\040\000c\000i\000n\000e\000m\000a\000t\000i\000c\000o\000:\000\040\000m\000e\000t\000o\000d\000o\000\040\000g\000r\000a\000f\000o\000-\000a\000n\000a\000l\000i\000t\000i\000c\000o}{section.11.2}% 203
\BOOKMARK [2][-]{subsection.11.2.2}{\376\377\000P\000r\000o\000b\000l\000e\000m\000a\000\040\000s\000t\000a\000t\000i\000c\000o\000:\000\040\000m\000e\000t\000o\000d\000o\000\040\000d\000e\000i\000\040\000c\000o\000r\000p\000i\000\040\000l\000i\000b\000e\000r\000i}{section.11.2}% 204
\BOOKMARK [1][-]{section.11.3}{\376\377\000S\000i\000s\000t\000e\000m\000i\000\040\000l\000a\000b\000i\000l\000i}{chapter.11}% 205
\BOOKMARK [2][-]{subsection.11.3.1}{\376\377\000P\000r\000o\000b\000l\000e\000m\000a\000\040\000c\000i\000n\000e\000m\000a\000t\000i\000c\000o\000:\000\040\000v\000i\000n\000c\000o\000l\000i\000\040\000f\000i\000t\000t\000i\000z\000i\000\040\000e\000\040\000c\000o\000o\000r\000d\000i\000n\000a\000t\000e\000\040\000l\000a\000g\000r\000a\000n\000g\000i\000a\000n\000e}{section.11.3}% 206
\BOOKMARK [2][-]{subsection.11.3.2}{\376\377\000P\000r\000o\000b\000l\000e\000m\000a\000\040\000s\000t\000a\000t\000i\000c\000o\000:\000\040\000c\000o\000n\000d\000i\000z\000i\000o\000n\000e\000\040\000d\000i\000\040\000c\000o\000m\000p\000a\000t\000i\000b\000i\000l\000i\000t\000\340}{section.11.3}% 207
\BOOKMARK [1][-]{section.11.4}{\376\377\000S\000i\000s\000t\000e\000m\000i\000\040\000i\000p\000e\000r\000s\000t\000a\000t\000i\000c\000i}{chapter.11}% 208
\BOOKMARK [2][-]{subsection.11.4.1}{\376\377\000P\000r\000o\000b\000l\000e\000m\000a\000\040\000s\000t\000a\000t\000i\000c\000o\000:\000\040\000v\000i\000n\000c\000o\000l\000i\000\040\000r\000i\000d\000o\000n\000d\000a\000n\000t\000i\000\040\000e\000\040\000i\000p\000e\000r\000s\000t\000a\000t\000i\000c\000h\000e}{section.11.4}% 209
\BOOKMARK [2][-]{subsection.11.4.2}{\376\377\000P\000r\000o\000b\000l\000e\000m\000a\000\040\000c\000i\000n\000e\000m\000a\000t\000i\000c\000o\000:\000\040\000c\000o\000n\000d\000i\000z\000i\000o\000n\000e\000\040\000d\000i\000\040\000c\000o\000m\000p\000a\000t\000i\000b\000i\000l\000i\000t\000\340}{section.11.4}% 210
\BOOKMARK [1][-]{section.11.5}{\376\377\000I\000l\000\040\000c\000a\000s\000o\000\040\000l\000a\000b\000i\000l\000e\000-\000i\000p\000e\000r\000s\000t\000a\000t\000i\000c\000o\000:\000\040\000c\000o\000n\000d\000i\000z\000i\000o\000n\000i\000\040\000o\000p\000e\000r\000a\000t\000i\000v\000e\000\040\000d\000i\000\040\000c\000o\000m\000p\000a\000t\000i\000b\000i\000l\000i\000t\000\340}{chapter.11}% 211
\BOOKMARK [1][-]{section.11.6}{\376\377\000G\000e\000r\000a\000r\000c\000h\000i\000a\000\040\000s\000t\000r\000u\000t\000t\000u\000r\000a\000l\000e}{chapter.11}% 212
\BOOKMARK [2][-]{subsection.11.6.1}{\376\377\000T\000r\000a\000s\000c\000i\000n\000a\000n\000t\000e\000\040\000e\000\040\000t\000r\000a\000s\000c\000i\000n\000a\000t\000o\000\040\000n\000e\000l\000\040\000p\000r\000o\000b\000l\000e\000m\000a\000\040\000c\000i\000n\000e\000m\000a\000t\000i\000c\000o}{section.11.6}% 213
\BOOKMARK [2][-]{subsection.11.6.2}{\376\377\000P\000o\000r\000t\000a\000n\000t\000e\000\040\000e\000\040\000p\000o\000r\000t\000a\000t\000o\000\040\000n\000e\000l\000\040\000p\000r\000o\000b\000l\000e\000m\000a\000\040\000s\000t\000a\000t\000i\000c\000o}{section.11.6}% 214
\BOOKMARK [2][-]{subsection.11.6.3}{\376\377\000R\000i\000c\000o\000n\000o\000s\000c\000i\000m\000e\000n\000t\000o\000\040\000d\000e\000l\000l\000a\000\040\000g\000e\000r\000a\000r\000c\000h\000i\000a\000\040\000p\000e\000r\000\040\000i\000s\000p\000e\000z\000i\000o\000n\000e}{section.11.6}% 215
\BOOKMARK [0][-]{chapter.12}{\376\377\000C\000l\000a\000s\000s\000i\000f\000i\000c\000a\000z\000i\000o\000n\000e\000\040\000d\000e\000i\000\040\000s\000i\000s\000t\000e\000m\000i\000\040\000d\000i\000\040\000c\000o\000r\000p\000i\000\040\000r\000i\000g\000i\000d\000i}{part.2}% 216
\BOOKMARK [1][-]{section.12.1}{\376\377\000I\000l\000\040\000c\000o\000n\000t\000e\000g\000g\000i\000o\000\040\000c\000o\000m\000e\000\040\000c\000r\000i\000t\000e\000r\000i\000o\000\040\000n\000e\000c\000e\000s\000s\000a\000r\000i\000o}{chapter.12}% 217
\BOOKMARK [1][-]{section.12.2}{\376\377\000C\000o\000m\000e\000\040\000s\000i\000\040\000c\000o\000n\000t\000a\000\040\000m\000:\000\040\000d\000a\000l\000l\000a\000\040\000g\000e\000o\000m\000e\000t\000r\000i\000a\000\040\000d\000e\000l\000\040\000s\000i\000s\000t\000e\000m\000a\000\040\000a\000l\000l\000a\000\040\000m\000a\000t\000r\000i\000c\000e}{chapter.12}% 218
\BOOKMARK [1][-]{section.12.3}{\376\377\000R\000i\000d\000u\000z\000i\000o\000n\000e\000\040\000t\000r\000a\000m\000i\000t\000e\000\040\000v\000i\000n\000c\000o\000l\000o\000\040\000d\000i\000\040\000r\000i\000g\000i\000d\000i\000t\000\340}{chapter.12}% 219
\BOOKMARK [1][-]{section.12.4}{\376\377\000I\000s\000o\000s\000t\000a\000t\000i\000c\000i\000t\000\340\000\040\000g\000l\000o\000b\000a\000l\000e\000\040\000e\000\040\000l\000o\000c\000a\000l\000e}{chapter.12}% 220
\BOOKMARK [2][-]{subsection.12.4.1}{\376\377\000D\000e\000f\000i\000n\000i\000z\000i\000o\000n\000i\000\040\000e\000\040\000d\000e\000c\000o\000m\000p\000o\000s\000i\000z\000i\000o\000n\000e\000\040\000d\000i\000\040\003\275}{section.12.4}% 221
\BOOKMARK [2][-]{subsection.12.4.2}{\376\377\000C\000a\000s\000i\000\040\000p\000o\000s\000s\000i\000b\000i\000l\000i\000\040\000e\000\040\000l\000o\000r\000o\000\040\000s\000i\000g\000n\000i\000f\000i\000c\000a\000t\000o}{section.12.4}% 222
\BOOKMARK [1][-]{section.12.5}{\376\377\000C\000a\000t\000a\000l\000o\000g\000o\000\040\000d\000e\000l\000l\000e\000\040\000s\000o\000t\000t\000o\000s\000t\000r\000u\000t\000t\000u\000r\000e\000\040\000e\000l\000e\000m\000e\000n\000t\000a\000r\000i}{chapter.12}% 223
\BOOKMARK [2][-]{subsection.12.5.1}{\376\377\000U\000n\000\040\000c\000o\000r\000p\000o\000:\000\040\000m\000e\000n\000s\000o\000l\000a\000\040\000e\000\040\000t\000r\000a\000v\000e\000\040\000a\000p\000p\000o\000g\000g\000i\000a\000t\000a}{section.12.5}% 224
\BOOKMARK [2][-]{subsection.12.5.2}{\376\377\000D\000u\000e\000\040\000c\000o\000r\000p\000i\000:\000\040\000a\000r\000c\000o\000\040\000a\000\040\000t\000r\000e\000\040\000c\000e\000r\000n\000i\000e\000r\000e}{section.12.5}% 225
\BOOKMARK [2][-]{subsection.12.5.3}{\376\377\000T\000r\000e\000\040\000c\000o\000r\000p\000i\000:\000\040\000a\000n\000e\000l\000l\000o\000\040\000a\000\040\000t\000r\000e\000\040\000c\000e\000r\000n\000i\000e\000r\000e}{section.12.5}% 226
\BOOKMARK [2][-]{subsection.12.5.4}{\376\377\000C\000o\000m\000p\000o\000s\000i\000z\000i\000o\000n\000e\000\040\000d\000i\000\040\000s\000o\000t\000t\000o\000s\000t\000r\000u\000t\000t\000u\000r\000e}{section.12.5}% 227
\BOOKMARK [2][-]{subsection.12.5.5}{\376\377\000C\000l\000a\000s\000s\000i\000f\000i\000c\000a\000z\000i\000o\000n\000e\000\040\000p\000e\000r\000\040\000d\000e\000c\000o\000m\000p\000o\000s\000i\000z\000i\000o\000n\000e\000\040\000e\000\040\000p\000e\000r\000\040\000r\000i\000d\000u\000z\000i\000o\000n\000e}{section.12.5}% 228
\BOOKMARK [1][-]{section.12.6}{\376\377\000P\000r\000o\000c\000e\000d\000u\000r\000a\000\040\000d\000i\000\040\000i\000s\000p\000e\000z\000i\000o\000n\000e\000\040\000d\000i\000r\000e\000t\000t\000a}{chapter.12}% 229
\BOOKMARK [2][-]{subsection.12.6.1}{\376\377\000P\000a\000s\000s\000i\000\040\000d\000e\000l\000l\000a\000\040\000p\000r\000o\000c\000e\000d\000u\000r\000a}{section.12.6}% 230
\BOOKMARK [0][-]{chapter.13}{\376\377\000L\000a\000\040\000t\000r\000i\000a\000d\000e\000\040\000m\000e\000c\000c\000a\000n\000i\000c\000a\000:\000\040\000c\000o\000n\000g\000r\000u\000e\000n\000z\000a\000,\000\040\000e\000q\000u\000i\000l\000i\000b\000r\000i\000o\000\040\000e\000\040\000p\000r\000i\000n\000c\000i\000p\000i\000o\000\040\000d\000e\000i\000\040\000l\000a\000v\000o\000r\000i\000\040\000v\000i\000r\000t\000u\000a\000l\000i\000\040}{part.2}% 231
\BOOKMARK [1][-]{section.13.1}{\376\377\000I\000l\000\040\000P\000L\000V\000\040\000c\000o\000m\000e\000\040\000i\000d\000e\000n\000t\000i\000t\000\340\000\040\000b\000i\000l\000i\000n\000e\000a\000r\000e\000\040\000e\000\040\000i\000l\000\040\000d\000u\000a\000l\000i\000s\000m\000o\000\040\000B\000\040\000=\000\040\000A\000\136\000T}{chapter.13}% 232
\BOOKMARK [1][-]{section.13.2}{\376\377\000A\000p\000p\000l\000i\000c\000a\000z\000i\000o\000n\000i\000\040\000d\000e\000l\000l\000a\000\040\000t\000r\000i\000a\000d\000e}{chapter.13}% 233
\BOOKMARK [2][-]{subsection.13.2.1}{\376\377\000C\000o\000n\000g\000r\000u\000e\000n\000z\000a\000\040\000e\000\040\000P\000L\000V\000\040\000i\000m\000p\000l\000i\000c\000a\000n\000o\000\040\000e\000q\000u\000i\000l\000i\000b\000r\000i\000o}{section.13.2}% 234
\BOOKMARK [2][-]{subsection.13.2.2}{\376\377\000E\000q\000u\000i\000l\000i\000b\000r\000i\000o\000\040\000e\000\040\000P\000L\000V\000\040\000i\000m\000p\000l\000i\000c\000a\000n\000o\000\040\000c\000o\000n\000g\000r\000u\000e\000n\000z\000a}{section.13.2}% 235
\BOOKMARK [1][-]{section.13.3}{\376\377\000E\000s\000e\000m\000p\000i\000\040\000a\000p\000p\000l\000i\000c\000a\000t\000i\000v\000i}{chapter.13}% 236
\BOOKMARK [-1][-]{part.3}{\376\377\000I\000I\000I\000\040\000T\000r\000a\000v\000i\000\040\000e\000\040\000s\000i\000s\000t\000e\000m\000i\000\040\000d\000i\000\040\000t\000r\000a\000v\000i\000\040\000r\000i\000g\000i\000d\000e}{}% 237
\BOOKMARK [0][-]{chapter*.99}{\376\377\000I\000n\000t\000r\000o\000d\000u\000z\000i\000o\000n\000e\000\040\000a\000l\000l\000a\000\040\000P\000a\000r\000t\000e\000\040\000I\000I\000I}{part.3}% 238
\BOOKMARK [0][-]{chapter.14}{\376\377\000L\000a\000\040\000t\000r\000a\000v\000e\000\040\000r\000i\000g\000i\000d\000a}{part.3}% 239
\BOOKMARK [1][-]{section.14.1}{\376\377\000D\000e\000f\000i\000n\000i\000z\000i\000o\000n\000e\000\040\000d\000i\000\040\000t\000r\000a\000v\000e}{chapter.14}% 240
\BOOKMARK [2][-]{subsection.14.1.1}{\376\377\000I\000l\000\040\000r\000i\000f\000e\000r\000i\000m\000e\000n\000t\000o\000\040\000i\000n\000t\000r\000i\000n\000s\000e\000c\000o}{section.14.1}% 241
\BOOKMARK [2][-]{subsection.14.1.2}{\376\377\000I\000l\000\040\000p\000o\000l\000o\000\040\000e\000\040\000i\000l\000\040\000v\000e\000t\000t\000o\000r\000e\000\040\000d\000i\000\040\000c\000o\000n\000f\000i\000g\000u\000r\000a\000z\000i\000o\000n\000e}{section.14.1}% 242
\BOOKMARK [2][-]{subsection.14.1.3}{\376\377\000A\000z\000i\000o\000n\000i\000\040\000e\000s\000t\000e\000r\000n\000e}{section.14.1}% 243
\BOOKMARK [1][-]{section.14.2}{\376\377\000I\000l\000\040\000v\000i\000n\000c\000o\000l\000o\000\040\000d\000i\000\040\000r\000i\000g\000i\000d\000i\000t\000\340\000\040\000n\000e\000l\000l\000a\000\040\000t\000r\000a\000v\000e}{chapter.14}% 244
\BOOKMARK [2][-]{subsection.14.2.1}{\376\377\000P\000r\000e\000s\000t\000a\000z\000i\000o\000n\000e\000\040\000c\000i\000n\000e\000m\000a\000t\000i\000c\000a\000:\000\040\000l\000e\000\040\000d\000i\000s\000t\000o\000r\000s\000i\000o\000n\000i}{section.14.2}% 245
\BOOKMARK [2][-]{subsection.14.2.2}{\376\377\000P\000r\000e\000s\000t\000a\000z\000i\000o\000n\000e\000\040\000s\000t\000a\000t\000i\000c\000a\000:\000\040\000l\000e\000\040\000c\000a\000r\000a\000t\000t\000e\000r\000i\000s\000t\000i\000c\000h\000e\000\040\000d\000e\000l\000l\000a\000\040\000s\000o\000l\000l\000e\000c\000i\000t\000a\000z\000i\000o\000n\000e}{section.14.2}% 246
\BOOKMARK [2][-]{subsection.14.2.3}{\376\377\000I\000l\000\040\000m\000e\000t\000o\000d\000o\000\040\000p\000e\000r\000\040\000e\000q\000u\000i\000v\000a\000l\000e\000n\000z\000a}{section.14.2}% 247
\BOOKMARK [2][-]{subsection.14.2.4}{\376\377\000S\000a\000l\000t\000o\000\040\000a\000i\000\040\000p\000u\000n\000t\000i\000\040\000d\000i\000\040\000s\000i\000n\000g\000o\000l\000a\000r\000i\000t\000\340}{section.14.2}% 248
\BOOKMARK [2][-]{subsection.14.2.5}{\376\377\000E\000q\000u\000a\000z\000i\000o\000n\000i\000\040\000i\000n\000d\000e\000f\000i\000n\000i\000t\000e\000\040\000d\000i\000\040\000e\000q\000u\000i\000l\000i\000b\000r\000i\000o}{section.14.2}% 249
\BOOKMARK [1][-]{section.14.3}{\376\377\000I\000n\000v\000a\000r\000i\000a\000n\000z\000a\000\040\000d\000e\000l\000l\000a\000\040\000c\000l\000a\000s\000s\000i\000f\000i\000c\000a\000z\000i\000o\000n\000e\000\040\000s\000o\000t\000t\000o\000\040\000t\000a\000g\000l\000i\000o\000\040\000i\000n\000t\000e\000r\000n\000o}{chapter.14}% 250
\BOOKMARK [2][-]{subsection.14.3.1}{\376\377\000I\000l\000\040\000t\000a\000g\000l\000i\000o\000\040\000i\000d\000e\000a\000l\000e\000:\000\040\000d\000a\000\040\000u\000n\000\040\000c\000o\000r\000p\000o\000\040\000a\000\040\000d\000u\000e}{section.14.3}% 251
\BOOKMARK [2][-]{subsection.14.3.2}{\376\377\000P\000e\000r\000c\000h\000\351\000\040\000l\000a\000\040\000c\000l\000a\000s\000s\000i\000f\000i\000c\000a\000z\000i\000o\000n\000e\000\040\000n\000o\000n\000\040\000c\000a\000m\000b\000i\000a}{section.14.3}% 252
\BOOKMARK [2][-]{subsection.14.3.3}{\376\377\000I\000l\000\040\000c\000a\000s\000o\000\040\000n\000o\000n\000\040\000i\000s\000o\000s\000t\000a\000t\000i\000c\000o\000:\000\040\000i\000l\000\040\000t\000a\000g\000l\000i\000o\000\040\000\050\000o\000\040\000l\000a\000\040\000d\000i\000s\000t\000o\000r\000s\000i\000o\000n\000e\000\051\000\040\000n\000o\000n\000\040\000b\000a\000s\000t\000a}{section.14.3}% 253
\BOOKMARK [1][-]{section.14.4}{\376\377\000T\000r\000a\000v\000e\000\040\000m\000o\000n\000o\000c\000o\000n\000n\000e\000s\000s\000a\000\040\000e\000\040\000t\000r\000a\000v\000e\000\040\000p\000l\000u\000r\000i\000c\000o\000n\000n\000e\000s\000s\000a\000:\000\040\000i\000p\000e\000r\000s\000t\000a\000t\000i\000c\000i\000t\000\340\000\040\000i\000n\000t\000e\000r\000n\000a}{chapter.14}% 254
\BOOKMARK [2][-]{subsection.14.4.1}{\376\377\000G\000r\000a\000d\000o\000\040\000d\000i\000\040\000c\000o\000n\000n\000e\000s\000s\000i\000o\000n\000e}{section.14.4}% 255
\BOOKMARK [2][-]{subsection.14.4.2}{\376\377\000I\000p\000e\000r\000s\000t\000a\000t\000i\000c\000i\000t\000\340\000\040\000i\000n\000t\000e\000r\000n\000a\000\040\000d\000e\000l\000l\000e\000\040\000t\000r\000a\000v\000i\000\040\000p\000l\000u\000r\000i\000c\000o\000n\000n\000e\000s\000s\000e}{section.14.4}% 256
\BOOKMARK [2][-]{subsection.14.4.3}{\376\377\000S\000v\000i\000n\000c\000o\000l\000i\000\040\000i\000n\000t\000e\000r\000n\000i}{section.14.4}% 257
\BOOKMARK [0][-]{chapter.15}{\376\377\000D\000i\000a\000g\000r\000a\000m\000m\000i\000\040\000d\000e\000l\000l\000e\000\040\000c\000a\000r\000a\000t\000t\000e\000r\000i\000s\000t\000i\000c\000h\000e\000\040\000d\000e\000l\000l\000a\000\040\000s\000o\000l\000l\000e\000c\000i\000t\000a\000z\000i\000o\000n\000e}{part.3}% 258
\BOOKMARK [1][-]{section.15.1}{\376\377\000D\000i\000s\000a\000c\000c\000o\000p\000p\000i\000a\000m\000e\000n\000t\000o\000\040\000l\000o\000n\000g\000i\000t\000u\000d\000i\000n\000a\000l\000e\000\040\000e\000\040\000t\000r\000a\000s\000v\000e\000r\000s\000a\000l\000e}{chapter.15}% 259
\BOOKMARK [1][-]{section.15.2}{\376\377\000P\000r\000o\000c\000e\000d\000u\000r\000a\000\040\000o\000p\000e\000r\000a\000t\000i\000v\000a\000\040\000e\000\040\000c\000o\000n\000v\000e\000n\000z\000i\000o\000n\000i\000\040\000g\000r\000a\000f\000i\000c\000h\000e}{chapter.15}% 260
\BOOKMARK [1][-]{section.15.3}{\376\377\000E\000s\000e\000m\000p\000i\000\040\000d\000i\000\040\000t\000r\000a\000v\000i\000\040\000i\000s\000o\000s\000t\000a\000t\000i\000c\000h\000e}{chapter.15}% 261
\BOOKMARK [2][-]{subsection.15.3.1}{\376\377\000P\000r\000o\000b\000l\000e\000m\000a\000\040\000s\000t\000a\000t\000i\000c\000o\000\040\000l\000o\000n\000g\000i\000t\000u\000d\000i\000n\000a\000l\000e}{section.15.3}% 262
\BOOKMARK [2][-]{subsection.15.3.2}{\376\377\000P\000r\000o\000b\000l\000e\000m\000a\000\040\000s\000t\000a\000t\000i\000c\000o\000\040\000t\000r\000a\000s\000v\000e\000r\000s\000a\000l\000e}{section.15.3}% 263
\BOOKMARK [2][-]{subsection.15.3.3}{\376\377\000P\000r\000o\000p\000r\000i\000e\000t\000\340\000\040\000d\000i\000\040\000t\000a\000n\000g\000e\000n\000z\000a\000\040\000d\000e\000l\000\040\000d\000i\000a\000g\000r\000a\000m\000m\000a\000\040\000d\000e\000l\000\040\000m\000o\000m\000e\000n\000t\000o}{section.15.3}% 264
\BOOKMARK [2][-]{subsection.15.3.4}{\376\377\000S\000o\000s\000t\000i\000t\000u\000z\000i\000o\000n\000e\000\040\000t\000r\000a\000\040\000c\000a\000r\000i\000c\000o\000\040\000d\000i\000s\000t\000r\000i\000b\000u\000i\000t\000o\000\040\000e\000\040\000c\000a\000r\000i\000c\000h\000i\000\040\000c\000o\000n\000c\000e\000n\000t\000r\000a\000t\000i}{section.15.3}% 265
\BOOKMARK [2][-]{subsection.15.3.5}{\376\377\000P\000r\000o\000b\000l\000e\000m\000a\000\040\000s\000t\000a\000t\000i\000c\000o\000\040\000m\000i\000s\000t\000o}{section.15.3}% 266
\BOOKMARK [2][-]{subsection.15.3.6}{\376\377\000E\000s\000e\000m\000p\000i\000\040\000d\000i\000\040\000t\000r\000a\000v\000i\000\040\000i\000p\000e\000r\000s\000t\000a\000t\000i\000c\000h\000e}{section.15.3}% 267
\BOOKMARK [2][-]{subsection.15.3.7}{\376\377\000I\000p\000e\000r\000s\000t\000a\000t\000i\000c\000i\000t\000\340\000\040\000l\000o\000n\000g\000i\000t\000u\000d\000i\000n\000a\000l\000e}{section.15.3}% 268
\BOOKMARK [2][-]{subsection.15.3.8}{\376\377\000I\000p\000e\000r\000s\000t\000a\000t\000i\000c\000i\000t\000\340\000\040\000t\000r\000a\000s\000v\000e\000r\000s\000a\000l\000e}{section.15.3}% 269
\BOOKMARK [2][-]{subsection.15.3.9}{\376\377\000P\000r\000o\000b\000l\000e\000m\000a\000\040\000s\000t\000a\000t\000i\000c\000o\000\040\000m\000i\000s\000t\000o}{section.15.3}% 270
\BOOKMARK [0][-]{chapter.16}{\376\377\000A\000s\000s\000e\000m\000b\000l\000a\000g\000g\000i\000\040\000d\000i\000\040\000t\000r\000a\000v\000i\000:\000\040\000t\000i\000p\000o\000l\000o\000g\000i\000e}{part.3}% 271
\BOOKMARK [1][-]{section.16.1}{\376\377\000T\000r\000a\000v\000i\000\040\000e\000\040\000s\000i\000s\000t\000e\000m\000i\000\040\000d\000i\000\040\000t\000r\000a\000v\000i\000:\000\040\000r\000a\000c\000c\000o\000r\000d\000o\000\040\000c\000o\000n\000\040\000l\000a\000\040\000t\000e\000o\000r\000i\000a\000\040\000d\000e\000i\000\040\000S\000C\000R}{chapter.16}% 272
\BOOKMARK [2][-]{subsection.16.1.1}{\376\377\000L\000a\000\040\000t\000r\000a\000v\000e\000\040\000c\000o\000m\000e\000\040\000c\000o\000r\000p\000o\000\040\000r\000i\000g\000i\000d\000o\000\040\000p\000i\000a\000n\000o}{section.16.1}% 273
\BOOKMARK [2][-]{subsection.16.1.2}{\376\377\000C\000o\000m\000p\000o\000r\000t\000a\000m\000e\000n\000t\000o\000\040\000e\000s\000t\000e\000r\000n\000o\000\040\000e\000\040\000c\000o\000m\000p\000o\000r\000t\000a\000m\000e\000n\000t\000o\000\040\000i\000n\000t\000e\000r\000n\000o}{section.16.1}% 274
\BOOKMARK [2][-]{subsection.16.1.3}{\376\377\000L\000a\000\040\000m\000o\000l\000t\000e\000p\000l\000i\000c\000i\000t\000\340\000\040\000d\000e\000i\000\040\000v\000i\000n\000c\000o\000l\000i\000\040\000n\000e\000i\000\040\000s\000i\000s\000t\000e\000m\000i\000\040\000d\000i\000\040\000t\000r\000a\000v\000i}{section.16.1}% 275
\BOOKMARK [1][-]{section.16.2}{\376\377\000C\000o\000n\000n\000e\000s\000s\000i\000o\000n\000i\000\040\000t\000r\000a\000\040\000t\000r\000a\000v\000i\000:\000\040\000t\000i\000p\000o\000l\000o\000g\000i\000e\000\040\000e\000\040\000m\000o\000l\000t\000e\000p\000l\000i\000c\000i\000t\000\340}{chapter.16}% 276
\BOOKMARK [2][-]{subsection.16.2.1}{\376\377\000N\000o\000d\000o\000\040\000r\000i\000g\000i\000d\000o}{section.16.2}% 277
\BOOKMARK [2][-]{subsection.16.2.2}{\376\377\000C\000e\000r\000n\000i\000e\000r\000a\000\040\000i\000n\000t\000e\000r\000n\000a}{section.16.2}% 278
\BOOKMARK [2][-]{subsection.16.2.3}{\376\377\000C\000a\000r\000r\000e\000l\000l\000o\000\040\000i\000n\000t\000e\000r\000n\000o}{section.16.2}% 279
\BOOKMARK [2][-]{subsection.16.2.4}{\376\377\000F\000o\000r\000m\000u\000l\000a\000\040\000g\000e\000n\000e\000r\000a\000l\000e\000\040\000d\000e\000l\000l\000a\000\040\000m\000o\000l\000t\000e\000p\000l\000i\000c\000i\000t\000\340\000\040\000p\000e\000r\000\040\000n\000o\000d\000i\000\040\000c\000o\000n\000\040\000e\000i\000\040\000t\000r\000a\000v\000i\000\040\000c\000o\000n\000v\000e\000r\000g\000e\000n\000t\000i}{section.16.2}% 280
\BOOKMARK [1][-]{section.16.3}{\376\377\000P\000r\000o\000c\000e\000d\000u\000r\000a\000\040\000o\000p\000e\000r\000a\000t\000i\000v\000a\000\040\000p\000e\000r\000\040\000s\000i\000s\000t\000e\000m\000i\000\040\000d\000i\000\040\000t\000r\000a\000v\000i}{chapter.16}% 281
\BOOKMARK [1][-]{section.16.4}{\376\377\000C\000a\000t\000a\000l\000o\000g\000o\000\040\000d\000e\000l\000l\000e\000\040\000t\000i\000p\000o\000l\000o\000g\000i\000e\000\040\000s\000t\000r\000u\000t\000t\000u\000r\000a\000l\000i}{chapter.16}% 282
\BOOKMARK [0][-]{chapter.17}{\376\377\000S\000i\000s\000t\000e\000m\000i\000\040\000a\000\040\000c\000o\000n\000n\000e\000s\000s\000i\000o\000n\000i\000\040\000e\000t\000e\000r\000o\000g\000e\000n\000e\000e}{part.3}% 283
\BOOKMARK [1][-]{section.17.1}{\376\377\000L\000a\000\040\000s\000e\000q\000u\000e\000n\000z\000a\000\040\000o\000p\000e\000r\000a\000t\000i\000v\000a}{chapter.17}% 284
\BOOKMARK [1][-]{section.17.2}{\376\377\000T\000r\000a\000v\000e\000\040\000r\000a\000m\000i\000f\000i\000c\000a\000t\000a\000\040\000c\000o\000n\000\040\000n\000o\000d\000i\000\040\000r\000i\000g\000i\000d\000i}{chapter.17}% 285
\BOOKMARK [1][-]{section.17.3}{\376\377\000A\000r\000c\000o\000\040\000a\000\040\000t\000r\000e\000\040\000c\000e\000r\000n\000i\000e\000r\000e}{chapter.17}% 286
\BOOKMARK [1][-]{section.17.4}{\376\377\000A\000n\000e\000l\000l\000i\000\040\000a\000\040\000t\000r\000e\000\040\000c\000e\000r\000n\000i\000e\000r\000e}{chapter.17}% 287
\BOOKMARK [1][-]{section.17.5}{\376\377\000S\000i\000s\000t\000e\000m\000i\000\040\000c\000o\000m\000p\000o\000s\000i\000t\000i\000\040\000a\000\040\000t\000r\000e\000\040\000c\000e\000r\000n\000i\000e\000r\000e}{chapter.17}% 288
\BOOKMARK [1][-]{section.17.6}{\376\377\000T\000r\000a\000v\000i\000\040\000s\000u\000\040\000p\000i\000\371\000\040\000a\000p\000p\000o\000g\000g\000i}{chapter.17}% 289
\BOOKMARK [2][-]{subsection.17.6.1}{\376\377\000T\000r\000a\000v\000i\000\040\000d\000i\000\040\000G\000e\000r\000b\000e\000r}{section.17.6}% 290
\BOOKMARK [2][-]{subsection.17.6.2}{\376\377\000T\000r\000a\000v\000i\000\040\000c\000o\000n\000t\000i\000n\000u\000e}{section.17.6}% 291
\BOOKMARK [1][-]{section.17.7}{\376\377\000E\000s\000e\000r\000c\000i\000z\000i\000\040\000s\000v\000o\000l\000t\000i}{chapter.17}% 292
\BOOKMARK [0][-]{chapter.18}{\376\377\000S\000i\000s\000t\000e\000m\000i\000\040\000r\000e\000t\000i\000c\000o\000l\000a\000r\000i}{part.3}% 293
\BOOKMARK [1][-]{section.18.1}{\376\377\000D\000o\000p\000p\000i\000a\000\040\000l\000e\000t\000t\000u\000r\000a\000\040\000t\000o\000p\000o\000l\000o\000g\000i\000c\000a\000.}{chapter.18}% 294
\BOOKMARK [1][-]{section.18.2}{\376\377\000F\000o\000r\000m\000u\000l\000a\000\040\000d\000i\000\040\000M\000\374\000l\000l\000e\000r\000-\000B\000r\000e\000s\000l\000a\000u\000\040\000e\000\040\000f\000o\000n\000t\000i\000\040\000d\000i\000\040\000s\000o\000v\000r\000a\000d\000e\000t\000e\000r\000m\000i\000n\000a\000z\000i\000o\000n\000e}{chapter.18}% 295
\BOOKMARK [2][-]{subsection.18.2.1}{\376\377\000S\000o\000v\000r\000a\000d\000e\000t\000e\000r\000m\000i\000n\000a\000z\000i\000o\000n\000e\000\040\000e\000s\000t\000e\000r\000n\000a}{section.18.2}% 296
\BOOKMARK [2][-]{subsection.18.2.2}{\376\377\000S\000o\000v\000r\000a\000d\000e\000t\000e\000r\000m\000i\000n\000a\000z\000i\000o\000n\000e\000\040\000i\000n\000t\000e\000r\000n\000a}{section.18.2}% 297
\BOOKMARK [2][-]{subsection.18.2.3}{\376\377\000G\000r\000a\000d\000o\000\040\000d\000i\000\040\000s\000o\000v\000r\000a\000d\000e\000t\000e\000r\000m\000i\000n\000a\000z\000i\000o\000n\000e\000\040\000t\000o\000t\000a\000l\000e}{section.18.2}% 298
\BOOKMARK [1][-]{section.18.3}{\376\377\000M\000o\000r\000f\000o\000l\000o\000g\000i\000a\000\040\000d\000e\000l\000l\000e\000\040\000t\000r\000a\000v\000a\000t\000u\000r\000e\000\040\000r\000e\000t\000i\000c\000o\000l\000a\000r\000i}{chapter.18}% 299
\BOOKMARK [2][-]{subsection.18.3.1}{\376\377\000P\000a\000r\000t\000i\000\040\000d\000e\000l\000l\000a\000\040\000t\000r\000a\000v\000a\000t\000u\000r\000a\000\040\000r\000e\000t\000i\000c\000o\000l\000a\000r\000e\000\040\000p\000i\000a\000n\000a}{section.18.3}% 300
\BOOKMARK [2][-]{subsection.18.3.2}{\376\377\000T\000i\000p\000o\000l\000o\000g\000i\000e\000\040\000d\000i\000\040\000m\000a\000g\000l\000i\000e\000\040\000p\000i\000a\000n\000e}{section.18.3}% 301
\BOOKMARK [2][-]{subsection.18.3.3}{\376\377\000S\000i\000s\000t\000e\000m\000i\000\040\000d\000i\000\040\000t\000r\000a\000v\000a\000t\000u\000r\000e\000:\000\040\000s\000c\000h\000e\000m\000i\000\040\000c\000o\000m\000p\000l\000e\000s\000s\000i}{section.18.3}% 302
\BOOKMARK [2][-]{subsection.18.3.4}{\376\377\000C\000e\000n\000n\000i\000\040\000a\000l\000l\000e\000\040\000t\000r\000a\000v\000a\000t\000u\000r\000e\000\040\000r\000e\000t\000i\000c\000o\000l\000a\000r\000i\000\040\000s\000p\000a\000z\000i\000a\000l\000i}{section.18.3}% 303
\BOOKMARK [1][-]{section.18.4}{\376\377\000C\000o\000m\000p\000o\000s\000i\000z\000i\000o\000n\000e\000\040\000g\000e\000r\000a\000r\000c\000h\000i\000c\000a\000\040\000e\000\040\000d\000e\000g\000e\000n\000e\000r\000a\000z\000i\000o\000n\000i\000\040\000g\000e\000o\000m\000e\000t\000r\000i\000c\000h\000e}{chapter.18}% 304
\BOOKMARK [2][-]{subsection.18.4.1}{\376\377\000T\000r\000a\000v\000a\000t\000u\000r\000e\000\040\000i\000s\000o\000s\000t\000a\000t\000i\000c\000h\000e\000\040\000e\000\040\000c\000o\000m\000p\000o\000s\000i\000z\000i\000o\000n\000e\000\040\000g\000e\000r\000a\000r\000c\000h\000i\000c\000a}{section.18.4}% 305
\BOOKMARK [2][-]{subsection.18.4.2}{\376\377\000T\000r\000a\000v\000a\000t\000u\000r\000e\000\040\000i\000p\000e\000r\000s\000t\000a\000t\000i\000c\000h\000e\000\040\000e\000\040\000d\000e\000g\000e\000n\000e\000r\000a\000z\000i\000o\000n\000i\000\040\000g\000e\000o\000m\000e\000t\000r\000i\000c\000h\000e}{section.18.4}% 306
\BOOKMARK [1][-]{section.18.5}{\376\377\000E\000q\000u\000a\000z\000i\000o\000n\000i\000\040\000e\000s\000p\000l\000i\000c\000i\000t\000e\000\040\000d\000e\000l\000l\000a\000\040\000s\000e\000c\000o\000n\000d\000a\000\040\000l\000e\000t\000t\000u\000r\000a}{chapter.18}% 307
\BOOKMARK [1][-]{section.18.6}{\376\377\000P\000r\000o\000b\000l\000e\000m\000a\000\040\000c\000i\000n\000e\000m\000a\000t\000i\000c\000o\000:\000\040\000f\000o\000r\000m\000u\000l\000a\000z\000i\000o\000n\000e\000\040\000n\000o\000d\000a\000l\000e}{chapter.18}% 308
\BOOKMARK [2][-]{subsection.18.6.1}{\376\377\000S\000t\000r\000u\000t\000t\000u\000r\000a\000\040\000d\000e\000l\000\040\000p\000r\000o\000b\000l\000e\000m\000a\000\040\000c\000i\000n\000e\000m\000a\000t\000i\000c\000o}{section.18.6}% 309
\BOOKMARK [2][-]{subsection.18.6.2}{\376\377\000C\000e\000d\000i\000m\000e\000n\000t\000i\000\040\000d\000e\000i\000\040\000v\000i\000n\000c\000o\000l\000i\000\040\000e\000s\000t\000e\000r\000n\000i\000:\000\040\000l\000a\000\040\000t\000r\000a\000v\000a\000t\000u\000r\000a\000\040\000c\000o\000m\000e\000\040\000c\000o\000r\000p\000o\000\040\000r\000i\000g\000i\000d\000o\000\040\000r\000e\000t\000i\000c\000o\000l\000a\000r\000e}{section.18.6}% 310
\BOOKMARK [2][-]{subsection.18.6.3}{\376\377\000D\000i\000s\000t\000o\000r\000s\000i\000o\000n\000i\000\040\000i\000n\000t\000e\000r\000n\000e\000:\000\040\000e\000f\000f\000e\000t\000t\000i\000\040\000l\000o\000c\000a\000l\000i\000\040\000e\000\040\000g\000l\000o\000b\000a\000l\000i}{section.18.6}% 311
\BOOKMARK [1][-]{section.18.7}{\376\377\000P\000r\000i\000n\000c\000i\000p\000i\000o\000\040\000d\000i\000\040\000s\000o\000s\000t\000i\000t\000u\000z\000i\000o\000n\000e\000\040\000a\000s\000t\000a\040\023\000v\000i\000n\000c\000o\000l\000o}{chapter.18}% 312
\BOOKMARK [2][-]{subsection.18.7.1}{\376\377\000A\000s\000t\000a\000\040\000e\000\040\000c\000a\000r\000r\000e\000l\000l\000o\000:\000\040\000v\000i\000n\000c\000o\000l\000i\000\040\000d\000i\000\040\000n\000a\000t\000u\000r\000a\000\040\000d\000i\000v\000e\000r\000s\000a}{section.18.7}% 313
\BOOKMARK [2][-]{subsection.18.7.2}{\376\377\000C\000o\000n\000d\000i\000z\000i\000o\000n\000e\000\040\000d\000i\000\040\000e\000f\000f\000i\000c\000a\000c\000i\000a\000\040\000d\000e\000l\000\040\000v\000i\000n\000c\000o\000l\000o\000\040\000s\000o\000s\000t\000i\000t\000u\000t\000i\000v\000o}{section.18.7}% 314
\BOOKMARK [2][-]{subsection.18.7.3}{\376\377\000D\000e\000c\000o\000m\000p\000o\000s\000i\000z\000i\000o\000n\000e\000\040\000d\000i\000\040\000t\000r\000a\000v\000a\000t\000u\000r\000e\000\040\000c\000o\000m\000p\000l\000e\000s\000s\000e}{section.18.7}% 315
\BOOKMARK [1][-]{section.18.8}{\376\377\000P\000r\000o\000b\000l\000e\000m\000a\000\040\000s\000t\000a\000t\000i\000c\000o\000:\000\040\000f\000o\000r\000m\000u\000l\000a\000z\000i\000o\000n\000e\000\040\000n\000o\000d\000a\000l\000e}{chapter.18}% 316
\BOOKMARK [2][-]{subsection.18.8.1}{\376\377\000P\000r\000i\000n\000c\000i\000p\000i\000o\000\040\000d\000i\000\040\000e\000q\000u\000i\000l\000i\000b\000r\000i\000o\000\040\000d\000e\000l\000l\000e\000\040\000p\000a\000r\000t\000i}{section.18.8}% 317
\BOOKMARK [2][-]{subsection.18.8.2}{\376\377\000M\000e\000t\000o\000d\000o\000\040\000d\000e\000i\000\040\000n\000o\000d\000i}{section.18.8}% 318
\BOOKMARK [2][-]{subsection.18.8.3}{\376\377\000M\000e\000t\000o\000d\000o\000\040\000d\000e\000l\000l\000e\000\040\000s\000e\000z\000i\000o\000n\000i\000\040\000d\000i\000\040\000R\000i\000t\000t\000e\000r}{section.18.8}% 319
\BOOKMARK [2][-]{subsection.18.8.4}{\376\377\000A\000n\000a\000l\000o\000g\000i\000a\000\040\000c\000o\000n\000\040\000l\000a\000\040\000t\000r\000a\000v\000e\000\040\000e\000q\000u\000i\000v\000a\000l\000e\000n\000t\000e}{section.18.8}% 320
\BOOKMARK [2][-]{subsection.18.8.5}{\376\377\000A\000s\000t\000e\000\040\000s\000o\000g\000g\000e\000t\000t\000e\000\040\000a\000\040\000c\000a\000r\000i\000c\000h\000i\000\040\000g\000e\000n\000e\000r\000i\000c\000i}{section.18.8}% 321
\BOOKMARK [2][-]{subsection.18.8.6}{\376\377\000T\000r\000a\000v\000a\000t\000u\000r\000e\000\040\000i\000p\000e\000r\000s\000t\000a\000t\000i\000c\000h\000e}{section.18.8}% 322
\BOOKMARK [1][-]{section.18.9}{\376\377\000E\000s\000e\000r\000c\000i\000z\000i\000\040\000d\000i\000\040\000s\000i\000n\000t\000e\000s\000i}{chapter.18}% 323
\BOOKMARK [0][-]{chapter.19}{\376\377\000T\000e\000l\000a\000i\000\040\000p\000i\000a\000n\000i}{part.3}% 324
\BOOKMARK [1][-]{section.19.1}{\376\377\000L\000a\000\040\000d\000o\000p\000p\000i\000a\000\040\000l\000e\000t\000t\000u\000r\000a\000\040\000t\000o\000p\000o\000l\000o\000g\000i\000c\000a}{chapter.19}% 325
\BOOKMARK [1][-]{section.19.2}{\376\377\000F\000o\000r\000m\000u\000l\000a\000\040\000d\000e\000l\000l\000e\000\040\000m\000a\000g\000l\000i\000e\000\040\000e\000\040\000f\000o\000n\000t\000i\000\040\000d\000i\000\040\000s\000o\000v\000r\000a\000d\000e\000t\000e\000r\000m\000i\000n\000a\000z\000i\000o\000n\000e}{chapter.19}% 326
\BOOKMARK [1][-]{section.19.3}{\376\377\000M\000o\000r\000f\000o\000l\000o\000g\000i\000a\000\040\000d\000e\000i\000\040\000t\000e\000l\000a\000i\000\040\000p\000i\000a\000n\000i}{chapter.19}% 327
\BOOKMARK [1][-]{section.19.4}{\376\377\000E\000q\000u\000a\000z\000i\000o\000n\000i\000\040\000e\000s\000p\000l\000i\000c\000i\000t\000e\000\040\000d\000e\000l\000l\000a\000\040\000s\000e\000c\000o\000n\000d\000a\000\040\000l\000e\000t\000t\000u\000r\000a}{chapter.19}% 328
\BOOKMARK [1][-]{section.19.5}{\376\377\000S\000i\000n\000t\000e\000s\000i\000:\000\040\000l\000a\000\040\000v\000i\000s\000i\000o\000n\000e\000\040\000n\000o\000d\000a\000l\000e\000\040\000p\000e\000r\000\040\000t\000u\000t\000t\000e\000\040\000l\000e\000\040\000t\000i\000p\000o\000l\000o\000g\000i\000e}{chapter.19}% 329
\BOOKMARK [1][-]{section.19.6}{\376\377\000S\000t\000r\000u\000t\000t\000u\000r\000a\000\040\000d\000e\000l\000l\000a\000\040\000s\000o\000l\000u\000z\000i\000o\000n\000e\000\040\000i\000p\000e\000r\000s\000t\000a\000t\000i\000c\000a}{chapter.19}% 330
\BOOKMARK [0][-]{chapter.20}{\376\377\000I\000l\000\040\000t\000e\000o\000r\000e\000m\000a\000\040\000d\000e\000i\000\040\000l\000a\000v\000o\000r\000i\000\040\000v\000i\000r\000t\000u\000a\000l\000i\000\040\000p\000e\000r\000\040\000i\000\040\000s\000i\000s\000t\000e\000m\000i\000\040\000d\000i\000\040\000t\000r\000a\000v\000i}{part.3}% 331
\BOOKMARK [1][-]{section.20.1}{\376\377\000L\000a\000\040\000s\000p\000e\000c\000i\000a\000l\000i\000z\000z\000a\000z\000i\000o\000n\000e\000\040\000a\000i\000\040\000s\000i\000s\000t\000e\000m\000i\000\040\000d\000i\000\040\000t\000r\000a\000v\000i}{chapter.20}% 332
\BOOKMARK [1][-]{section.20.2}{\376\377\000I\000l\000\040\000t\000e\000o\000r\000e\000m\000a\000\040\000d\000e\000g\000l\000i\000\040\000s\000p\000o\000s\000t\000a\000m\000e\000n\000t\000i\000\040\000v\000i\000r\000t\000u\000a\000l\000i}{chapter.20}% 333
\BOOKMARK [1][-]{section.20.3}{\376\377\000I\000l\000\040\000t\000e\000o\000r\000e\000m\000a\000\040\000d\000e\000l\000l\000e\000\040\000f\000o\000r\000z\000e\000\040\000v\000i\000r\000t\000u\000a\000l\000i}{chapter.20}% 334
\BOOKMARK [1][-]{section.20.4}{\376\377\000L\000i\000n\000e\000e\000\040\000d\000i\000\040\000i\000n\000f\000l\000u\000e\000n\000z\000a}{chapter.20}% 335
\BOOKMARK [1][-]{section.20.5}{\376\377\000A\000p\000p\000l\000i\000c\000a\000z\000i\000o\000n\000i\000\040\000d\000e\000l\000\040\000t\000e\000o\000r\000e\000m\000a\000\040\000d\000e\000g\000l\000i\000\040\000s\000p\000o\000s\000t\000a\000m\000e\000n\000t\000i\000\040\000v\000i\000r\000t\000u\000a\000l\000i}{chapter.20}% 336
\BOOKMARK [1][-]{section.20.6}{\376\377\000A\000p\000p\000l\000i\000c\000a\000z\000i\000o\000n\000i\000\040\000d\000e\000l\000\040\000t\000e\000o\000r\000e\000m\000a\000\040\000d\000e\000l\000l\000e\000\040\000f\000o\000r\000z\000e\000\040\000v\000i\000r\000t\000u\000a\000l\000i}{chapter.20}% 337
\BOOKMARK [1][-]{section.20.7}{\376\377\000R\000e\000c\000i\000p\000r\000o\000c\000i\000t\000\340\000\040\000c\000i\000n\000e\000m\000a\000t\000i\000c\000o\000-\000s\000t\000a\000t\000i\000c\000a}{chapter.20}% 338
\BOOKMARK [1][-]{section.20.8}{\376\377\000E\000s\000e\000r\000c\000i\000z\000i\000\040\000p\000r\000o\000p\000o\000s\000t\000i}{chapter.20}% 339
\BOOKMARK [0][-]{chapter*.231}{\376\377\000E\000p\000i\000l\000o\000g\000o}{part.3}% 340
\BOOKMARK [0][-]{section*.235}{\376\377\000I\000n\000d\000i\000c\000e\000\040\000a\000n\000a\000l\000i\000t\000i\000c\000o}{part.3}% 341
